<?xml version="1.0" encoding="UTF-8"?>
<testsuite xmlns:xsi="http://www.w3.org/2001/XMLSchema-instance" xsi:noNamespaceSchemaLocation="https://maven.apache.org/surefire/maven-surefire-plugin/xsd/surefire-test-report-3.0.xsd" version="3.0" name="api.TransferMoneyUserTest" time="3.533" tests="3" errors="0" skipped="0" failures="0">
  <properties>
    <property name="java.specification.version" value="21"/>
    <property name="sun.jnu.encoding" value="UTF-8"/>
    <property name="java.class.path" value="/Users/serhiipolishevskyi/IdeaProjects/nbank/target/test-classes:/Users/serhiipolishevskyi/IdeaProjects/nbank/target/classes:/Users/serhiipolishevskyi/.m2/repository/io/rest-assured/rest-assured/5.5.1/rest-assured-5.5.1.jar:/Users/serhiipolishevskyi/.m2/repository/org/apache/groovy/groovy/4.0.22/groovy-4.0.22.jar:/Users/serhiipolishevskyi/.m2/repository/org/apache/groovy/groovy-xml/4.0.22/groovy-xml-4.0.22.jar:/Users/serhiipolishevskyi/.m2/repository/org/apache/httpcomponents/httpclient/4.5.13/httpclient-4.5.13.jar:/Users/serhiipolishevskyi/.m2/repository/org/apache/httpcomponents/httpcore/4.4.13/httpcore-4.4.13.jar:/Users/serhiipolishevskyi/.m2/repository/commons-logging/commons-logging/1.2/commons-logging-1.2.jar:/Users/serhiipolishevskyi/.m2/repository/commons-codec/commons-codec/1.11/commons-codec-1.11.jar:/Users/serhiipolishevskyi/.m2/repository/org/apache/httpcomponents/httpmime/4.5.13/httpmime-4.5.13.jar:/Users/serhiipolishevskyi/.m2/repository/org/hamcrest/hamcrest/2.2/hamcrest-2.2.jar:/Users/serhiipolishevskyi/.m2/repository/org/ccil/cowan/tagsoup/tagsoup/1.2.1/tagsoup-1.2.1.jar:/Users/serhiipolishevskyi/.m2/repository/io/rest-assured/json-path/5.5.1/json-path-5.5.1.jar:/Users/serhiipolishevskyi/.m2/repository/org/apache/groovy/groovy-json/4.0.22/groovy-json-4.0.22.jar:/Users/serhiipolishevskyi/.m2/repository/io/rest-assured/rest-assured-common/5.5.1/rest-assured-common-5.5.1.jar:/Users/serhiipolishevskyi/.m2/repository/io/rest-assured/xml-path/5.5.1/xml-path-5.5.1.jar:/Users/serhiipolishevskyi/.m2/repository/org/junit/jupiter/junit-jupiter/5.10.2/junit-jupiter-5.10.2.jar:/Users/serhiipolishevskyi/.m2/repository/org/junit/jupiter/junit-jupiter-api/5.10.2/junit-jupiter-api-5.10.2.jar:/Users/serhiipolishevskyi/.m2/repository/org/opentest4j/opentest4j/1.3.0/opentest4j-1.3.0.jar:/Users/serhiipolishevskyi/.m2/repository/org/junit/jupiter/junit-jupiter-engine/5.10.2/junit-jupiter-engine-5.10.2.jar:/Users/serhiipolishevskyi/.m2/repository/org/junit/platform/junit-platform-engine/1.10.2/junit-platform-engine-1.10.2.jar:/Users/serhiipolishevskyi/.m2/repository/org/apiguardian/apiguardian-api/1.1.2/apiguardian-api-1.1.2.jar:/Users/serhiipolishevskyi/.m2/repository/org/junit/platform/junit-platform-launcher/1.10.2/junit-platform-launcher-1.10.2.jar:/Users/serhiipolishevskyi/.m2/repository/org/projectlombok/lombok/1.18.38/lombok-1.18.38.jar:/Users/serhiipolishevskyi/.m2/repository/org/junit/jupiter/junit-jupiter-params/5.10.2/junit-jupiter-params-5.10.2.jar:/Users/serhiipolishevskyi/.m2/repository/org/junit/platform/junit-platform-commons/1.10.2/junit-platform-commons-1.10.2.jar:/Users/serhiipolishevskyi/.m2/repository/com/fasterxml/jackson/core/jackson-databind/2.19.0/jackson-databind-2.19.0.jar:/Users/serhiipolishevskyi/.m2/repository/com/fasterxml/jackson/core/jackson-annotations/2.19.0/jackson-annotations-2.19.0.jar:/Users/serhiipolishevskyi/.m2/repository/com/fasterxml/jackson/core/jackson-core/2.19.0/jackson-core-2.19.0.jar:/Users/serhiipolishevskyi/.m2/repository/org/assertj/assertj-core/3.27.3/assertj-core-3.27.3.jar:/Users/serhiipolishevskyi/.m2/repository/net/bytebuddy/byte-buddy/1.15.11/byte-buddy-1.15.11.jar:/Users/serhiipolishevskyi/.m2/repository/com/github/curious-odd-man/rgxgen/1.3/rgxgen-1.3.jar:/Users/serhiipolishevskyi/.m2/repository/com/codeborne/selenide/7.9.1/selenide-7.9.1.jar:/Users/serhiipolishevskyi/.m2/repository/org/seleniumhq/selenium/selenium-java/4.31.0/selenium-java-4.31.0.jar:/Users/serhiipolishevskyi/.m2/repository/org/seleniumhq/selenium/selenium-api/4.31.0/selenium-api-4.31.0.jar:/Users/serhiipolishevskyi/.m2/repository/org/seleniumhq/selenium/selenium-chrome-driver/4.31.0/selenium-chrome-driver-4.31.0.jar:/Users/serhiipolishevskyi/.m2/repository/com/google/auto/service/auto-service-annotations/1.1.1/auto-service-annotations-1.1.1.jar:/Users/serhiipolishevskyi/.m2/repository/org/seleniumhq/selenium/selenium-chromium-driver/4.31.0/selenium-chromium-driver-4.31.0.jar:/Users/serhiipolishevskyi/.m2/repository/org/seleniumhq/selenium/selenium-json/4.31.0/selenium-json-4.31.0.jar:/Users/serhiipolishevskyi/.m2/repository/org/seleniumhq/selenium/selenium-manager/4.31.0/selenium-manager-4.31.0.jar:/Users/serhiipolishevskyi/.m2/repository/org/seleniumhq/selenium/selenium-devtools-v133/4.31.0/selenium-devtools-v133-4.31.0.jar:/Users/serhiipolishevskyi/.m2/repository/org/seleniumhq/selenium/selenium-devtools-v134/4.31.0/selenium-devtools-v134-4.31.0.jar:/Users/serhiipolishevskyi/.m2/repository/org/seleniumhq/selenium/selenium-devtools-v135/4.31.0/selenium-devtools-v135-4.31.0.jar:/Users/serhiipolishevskyi/.m2/repository/org/seleniumhq/selenium/selenium-edge-driver/4.31.0/selenium-edge-driver-4.31.0.jar:/Users/serhiipolishevskyi/.m2/repository/org/seleniumhq/selenium/selenium-firefox-driver/4.31.0/selenium-firefox-driver-4.31.0.jar:/Users/serhiipolishevskyi/.m2/repository/org/seleniumhq/selenium/selenium-http/4.31.0/selenium-http-4.31.0.jar:/Users/serhiipolishevskyi/.m2/repository/org/seleniumhq/selenium/selenium-ie-driver/4.31.0/selenium-ie-driver-4.31.0.jar:/Users/serhiipolishevskyi/.m2/repository/org/seleniumhq/selenium/selenium-remote-driver/4.31.0/selenium-remote-driver-4.31.0.jar:/Users/serhiipolishevskyi/.m2/repository/io/opentelemetry/opentelemetry-api/1.48.0/opentelemetry-api-1.48.0.jar:/Users/serhiipolishevskyi/.m2/repository/io/opentelemetry/opentelemetry-context/1.48.0/opentelemetry-context-1.48.0.jar:/Users/serhiipolishevskyi/.m2/repository/io/opentelemetry/opentelemetry-exporter-logging/1.48.0/opentelemetry-exporter-logging-1.48.0.jar:/Users/serhiipolishevskyi/.m2/repository/io/opentelemetry/opentelemetry-sdk-common/1.48.0/opentelemetry-sdk-common-1.48.0.jar:/Users/serhiipolishevskyi/.m2/repository/io/opentelemetry/opentelemetry-sdk-extension-autoconfigure-spi/1.48.0/opentelemetry-sdk-extension-autoconfigure-spi-1.48.0.jar:/Users/serhiipolishevskyi/.m2/repository/io/opentelemetry/opentelemetry-sdk-extension-autoconfigure/1.48.0/opentelemetry-sdk-extension-autoconfigure-1.48.0.jar:/Users/serhiipolishevskyi/.m2/repository/io/opentelemetry/opentelemetry-sdk-trace/1.48.0/opentelemetry-sdk-trace-1.48.0.jar:/Users/serhiipolishevskyi/.m2/repository/io/opentelemetry/opentelemetry-sdk/1.48.0/opentelemetry-sdk-1.48.0.jar:/Users/serhiipolishevskyi/.m2/repository/io/opentelemetry/opentelemetry-sdk-metrics/1.48.0/opentelemetry-sdk-metrics-1.48.0.jar:/Users/serhiipolishevskyi/.m2/repository/io/opentelemetry/opentelemetry-sdk-logs/1.48.0/opentelemetry-sdk-logs-1.48.0.jar:/Users/serhiipolishevskyi/.m2/repository/org/seleniumhq/selenium/selenium-os/4.31.0/selenium-os-4.31.0.jar:/Users/serhiipolishevskyi/.m2/repository/org/apache/commons/commons-exec/1.4.0/commons-exec-1.4.0.jar:/Users/serhiipolishevskyi/.m2/repository/org/seleniumhq/selenium/selenium-safari-driver/4.31.0/selenium-safari-driver-4.31.0.jar:/Users/serhiipolishevskyi/.m2/repository/org/seleniumhq/selenium/selenium-support/4.31.0/selenium-support-4.31.0.jar:/Users/serhiipolishevskyi/.m2/repository/org/slf4j/slf4j-api/2.0.17/slf4j-api-2.0.17.jar:/Users/serhiipolishevskyi/.m2/repository/com/codeborne/selenide-core/7.9.1/selenide-core-7.9.1.jar:/Users/serhiipolishevskyi/.m2/repository/org/apache/httpcomponents/client5/httpclient5/5.4.3/httpclient5-5.4.3.jar:/Users/serhiipolishevskyi/.m2/repository/org/apache/httpcomponents/core5/httpcore5/5.3.4/httpcore5-5.3.4.jar:/Users/serhiipolishevskyi/.m2/repository/org/apache/httpcomponents/core5/httpcore5-h2/5.3.4/httpcore5-h2-5.3.4.jar:/Users/serhiipolishevskyi/.m2/repository/com/github/valfirst/browserup-proxy/browserup-proxy-core/3.2.0/browserup-proxy-core-3.2.0.jar:/Users/serhiipolishevskyi/.m2/repository/org/jspecify/jspecify/1.0.0/jspecify-1.0.0.jar:/Users/serhiipolishevskyi/.m2/repository/com/google/errorprone/error_prone_annotations/2.38.0/error_prone_annotations-2.38.0.jar:/Users/serhiipolishevskyi/.m2/repository/org/apache/commons/commons-lang3/3.17.0/commons-lang3-3.17.0.jar:/Users/serhiipolishevskyi/.m2/repository/commons-io/commons-io/2.19.0/commons-io-2.19.0.jar:/Users/serhiipolishevskyi/.m2/repository/com/google/guava/guava/20.0/guava-20.0.jar:/Users/serhiipolishevskyi/.m2/repository/io/qameta/allure/allure-junit5/2.29.1/allure-junit5-2.29.1.jar:/Users/serhiipolishevskyi/.m2/repository/io/qameta/allure/allure-junit-platform/2.29.1/allure-junit-platform-2.29.1.jar:/Users/serhiipolishevskyi/.m2/repository/io/qameta/allure/allure-test-filter/2.29.1/allure-test-filter-2.29.1.jar:/Users/serhiipolishevskyi/.m2/repository/io/qameta/allure/allure-rest-assured/2.29.1/allure-rest-assured-2.29.1.jar:/Users/serhiipolishevskyi/.m2/repository/io/qameta/allure/allure-attachments/2.29.1/allure-attachments-2.29.1.jar:/Users/serhiipolishevskyi/.m2/repository/org/freemarker/freemarker/2.3.33/freemarker-2.3.33.jar:/Users/serhiipolishevskyi/.m2/repository/io/qameta/allure/allure-selenide/2.29.1/allure-selenide-2.29.1.jar:/Users/serhiipolishevskyi/.m2/repository/io/qameta/allure/allure-java-commons/2.29.1/allure-java-commons-2.29.1.jar:/Users/serhiipolishevskyi/.m2/repository/io/qameta/allure/allure-model/2.29.1/allure-model-2.29.1.jar:/Users/serhiipolishevskyi/.m2/repository/io/qameta/allure/allure-assertj/2.29.1/allure-assertj-2.29.1.jar:/Users/serhiipolishevskyi/.m2/repository/com/github/viclovsky/swagger-coverage-rest-assured/1.5.0/swagger-coverage-rest-assured-1.5.0.jar:/Users/serhiipolishevskyi/.m2/repository/com/github/viclovsky/swagger-coverage-commons/1.5.0/swagger-coverage-commons-1.5.0.jar:/Users/serhiipolishevskyi/.m2/repository/io/swagger/core/v3/swagger-core/2.1.10/swagger-core-2.1.10.jar:/Users/serhiipolishevskyi/.m2/repository/jakarta/xml/bind/jakarta.xml.bind-api/2.3.2/jakarta.xml.bind-api-2.3.2.jar:/Users/serhiipolishevskyi/.m2/repository/jakarta/activation/jakarta.activation-api/1.2.1/jakarta.activation-api-1.2.1.jar:/Users/serhiipolishevskyi/.m2/repository/com/fasterxml/jackson/datatype/jackson-datatype-jsr310/2.12.1/jackson-datatype-jsr310-2.12.1.jar:/Users/serhiipolishevskyi/.m2/repository/io/swagger/core/v3/swagger-annotations/2.1.10/swagger-annotations-2.1.10.jar:/Users/serhiipolishevskyi/.m2/repository/jakarta/validation/jakarta.validation-api/2.0.2/jakarta.validation-api-2.0.2.jar:/Users/serhiipolishevskyi/.m2/repository/ch/qos/logback/logback-classic/1.2.10/logback-classic-1.2.10.jar:/Users/serhiipolishevskyi/.m2/repository/ch/qos/logback/logback-core/1.2.10/logback-core-1.2.10.jar:/Users/serhiipolishevskyi/.m2/repository/com/fasterxml/jackson/dataformat/jackson-dataformat-yaml/2.10.1/jackson-dataformat-yaml-2.10.1.jar:/Users/serhiipolishevskyi/.m2/repository/org/yaml/snakeyaml/1.24/snakeyaml-1.24.jar:/Users/serhiipolishevskyi/.m2/repository/io/swagger/swagger-models/1.6.2/swagger-models-1.6.2.jar:/Users/serhiipolishevskyi/.m2/repository/io/swagger/swagger-annotations/1.6.2/swagger-annotations-1.6.2.jar:/Users/serhiipolishevskyi/.m2/repository/io/swagger/core/v3/swagger-models/2.1.10/swagger-models-2.1.10.jar:"/>
    <property name="java.vm.vendor" value="Amazon.com Inc."/>
    <property name="sun.arch.data.model" value="64"/>
    <property name="java.vendor.url" value="https://aws.amazon.com/corretto/"/>
    <property name="user.timezone" value="Europe/Kiev"/>
    <property name="os.name" value="Mac OS X"/>
    <property name="java.vm.specification.version" value="21"/>
    <property name="sun.java.launcher" value="SUN_STANDARD"/>
    <property name="user.country" value="US"/>
    <property name="sun.boot.library.path" value="/Users/serhiipolishevskyi/.sdkman/candidates/java/21.0.4-amzn/lib"/>
    <property name="sun.java.command" value="/Users/serhiipolishevskyi/IdeaProjects/nbank/target/surefire/surefirebooter-20250807205334487_3.jar /Users/serhiipolishevskyi/IdeaProjects/nbank/target/surefire 2025-08-07T20-53-34_451-jvmRun1 surefire-20250807205334487_1tmp surefire_0-20250807205334487_2tmp"/>
    <property name="http.nonProxyHosts" value="local|*.local|169.254/16|*.169.254/16"/>
    <property name="jdk.debug" value="release"/>
    <property name="surefire.test.class.path" value="/Users/serhiipolishevskyi/IdeaProjects/nbank/target/test-classes:/Users/serhiipolishevskyi/IdeaProjects/nbank/target/classes:/Users/serhiipolishevskyi/.m2/repository/io/rest-assured/rest-assured/5.5.1/rest-assured-5.5.1.jar:/Users/serhiipolishevskyi/.m2/repository/org/apache/groovy/groovy/4.0.22/groovy-4.0.22.jar:/Users/serhiipolishevskyi/.m2/repository/org/apache/groovy/groovy-xml/4.0.22/groovy-xml-4.0.22.jar:/Users/serhiipolishevskyi/.m2/repository/org/apache/httpcomponents/httpclient/4.5.13/httpclient-4.5.13.jar:/Users/serhiipolishevskyi/.m2/repository/org/apache/httpcomponents/httpcore/4.4.13/httpcore-4.4.13.jar:/Users/serhiipolishevskyi/.m2/repository/commons-logging/commons-logging/1.2/commons-logging-1.2.jar:/Users/serhiipolishevskyi/.m2/repository/commons-codec/commons-codec/1.11/commons-codec-1.11.jar:/Users/serhiipolishevskyi/.m2/repository/org/apache/httpcomponents/httpmime/4.5.13/httpmime-4.5.13.jar:/Users/serhiipolishevskyi/.m2/repository/org/hamcrest/hamcrest/2.2/hamcrest-2.2.jar:/Users/serhiipolishevskyi/.m2/repository/org/ccil/cowan/tagsoup/tagsoup/1.2.1/tagsoup-1.2.1.jar:/Users/serhiipolishevskyi/.m2/repository/io/rest-assured/json-path/5.5.1/json-path-5.5.1.jar:/Users/serhiipolishevskyi/.m2/repository/org/apache/groovy/groovy-json/4.0.22/groovy-json-4.0.22.jar:/Users/serhiipolishevskyi/.m2/repository/io/rest-assured/rest-assured-common/5.5.1/rest-assured-common-5.5.1.jar:/Users/serhiipolishevskyi/.m2/repository/io/rest-assured/xml-path/5.5.1/xml-path-5.5.1.jar:/Users/serhiipolishevskyi/.m2/repository/org/junit/jupiter/junit-jupiter/5.10.2/junit-jupiter-5.10.2.jar:/Users/serhiipolishevskyi/.m2/repository/org/junit/jupiter/junit-jupiter-api/5.10.2/junit-jupiter-api-5.10.2.jar:/Users/serhiipolishevskyi/.m2/repository/org/opentest4j/opentest4j/1.3.0/opentest4j-1.3.0.jar:/Users/serhiipolishevskyi/.m2/repository/org/junit/jupiter/junit-jupiter-engine/5.10.2/junit-jupiter-engine-5.10.2.jar:/Users/serhiipolishevskyi/.m2/repository/org/junit/platform/junit-platform-engine/1.10.2/junit-platform-engine-1.10.2.jar:/Users/serhiipolishevskyi/.m2/repository/org/apiguardian/apiguardian-api/1.1.2/apiguardian-api-1.1.2.jar:/Users/serhiipolishevskyi/.m2/repository/org/junit/platform/junit-platform-launcher/1.10.2/junit-platform-launcher-1.10.2.jar:/Users/serhiipolishevskyi/.m2/repository/org/projectlombok/lombok/1.18.38/lombok-1.18.38.jar:/Users/serhiipolishevskyi/.m2/repository/org/junit/jupiter/junit-jupiter-params/5.10.2/junit-jupiter-params-5.10.2.jar:/Users/serhiipolishevskyi/.m2/repository/org/junit/platform/junit-platform-commons/1.10.2/junit-platform-commons-1.10.2.jar:/Users/serhiipolishevskyi/.m2/repository/com/fasterxml/jackson/core/jackson-databind/2.19.0/jackson-databind-2.19.0.jar:/Users/serhiipolishevskyi/.m2/repository/com/fasterxml/jackson/core/jackson-annotations/2.19.0/jackson-annotations-2.19.0.jar:/Users/serhiipolishevskyi/.m2/repository/com/fasterxml/jackson/core/jackson-core/2.19.0/jackson-core-2.19.0.jar:/Users/serhiipolishevskyi/.m2/repository/org/assertj/assertj-core/3.27.3/assertj-core-3.27.3.jar:/Users/serhiipolishevskyi/.m2/repository/net/bytebuddy/byte-buddy/1.15.11/byte-buddy-1.15.11.jar:/Users/serhiipolishevskyi/.m2/repository/com/github/curious-odd-man/rgxgen/1.3/rgxgen-1.3.jar:/Users/serhiipolishevskyi/.m2/repository/com/codeborne/selenide/7.9.1/selenide-7.9.1.jar:/Users/serhiipolishevskyi/.m2/repository/org/seleniumhq/selenium/selenium-java/4.31.0/selenium-java-4.31.0.jar:/Users/serhiipolishevskyi/.m2/repository/org/seleniumhq/selenium/selenium-api/4.31.0/selenium-api-4.31.0.jar:/Users/serhiipolishevskyi/.m2/repository/org/seleniumhq/selenium/selenium-chrome-driver/4.31.0/selenium-chrome-driver-4.31.0.jar:/Users/serhiipolishevskyi/.m2/repository/com/google/auto/service/auto-service-annotations/1.1.1/auto-service-annotations-1.1.1.jar:/Users/serhiipolishevskyi/.m2/repository/org/seleniumhq/selenium/selenium-chromium-driver/4.31.0/selenium-chromium-driver-4.31.0.jar:/Users/serhiipolishevskyi/.m2/repository/org/seleniumhq/selenium/selenium-json/4.31.0/selenium-json-4.31.0.jar:/Users/serhiipolishevskyi/.m2/repository/org/seleniumhq/selenium/selenium-manager/4.31.0/selenium-manager-4.31.0.jar:/Users/serhiipolishevskyi/.m2/repository/org/seleniumhq/selenium/selenium-devtools-v133/4.31.0/selenium-devtools-v133-4.31.0.jar:/Users/serhiipolishevskyi/.m2/repository/org/seleniumhq/selenium/selenium-devtools-v134/4.31.0/selenium-devtools-v134-4.31.0.jar:/Users/serhiipolishevskyi/.m2/repository/org/seleniumhq/selenium/selenium-devtools-v135/4.31.0/selenium-devtools-v135-4.31.0.jar:/Users/serhiipolishevskyi/.m2/repository/org/seleniumhq/selenium/selenium-edge-driver/4.31.0/selenium-edge-driver-4.31.0.jar:/Users/serhiipolishevskyi/.m2/repository/org/seleniumhq/selenium/selenium-firefox-driver/4.31.0/selenium-firefox-driver-4.31.0.jar:/Users/serhiipolishevskyi/.m2/repository/org/seleniumhq/selenium/selenium-http/4.31.0/selenium-http-4.31.0.jar:/Users/serhiipolishevskyi/.m2/repository/org/seleniumhq/selenium/selenium-ie-driver/4.31.0/selenium-ie-driver-4.31.0.jar:/Users/serhiipolishevskyi/.m2/repository/org/seleniumhq/selenium/selenium-remote-driver/4.31.0/selenium-remote-driver-4.31.0.jar:/Users/serhiipolishevskyi/.m2/repository/io/opentelemetry/opentelemetry-api/1.48.0/opentelemetry-api-1.48.0.jar:/Users/serhiipolishevskyi/.m2/repository/io/opentelemetry/opentelemetry-context/1.48.0/opentelemetry-context-1.48.0.jar:/Users/serhiipolishevskyi/.m2/repository/io/opentelemetry/opentelemetry-exporter-logging/1.48.0/opentelemetry-exporter-logging-1.48.0.jar:/Users/serhiipolishevskyi/.m2/repository/io/opentelemetry/opentelemetry-sdk-common/1.48.0/opentelemetry-sdk-common-1.48.0.jar:/Users/serhiipolishevskyi/.m2/repository/io/opentelemetry/opentelemetry-sdk-extension-autoconfigure-spi/1.48.0/opentelemetry-sdk-extension-autoconfigure-spi-1.48.0.jar:/Users/serhiipolishevskyi/.m2/repository/io/opentelemetry/opentelemetry-sdk-extension-autoconfigure/1.48.0/opentelemetry-sdk-extension-autoconfigure-1.48.0.jar:/Users/serhiipolishevskyi/.m2/repository/io/opentelemetry/opentelemetry-sdk-trace/1.48.0/opentelemetry-sdk-trace-1.48.0.jar:/Users/serhiipolishevskyi/.m2/repository/io/opentelemetry/opentelemetry-sdk/1.48.0/opentelemetry-sdk-1.48.0.jar:/Users/serhiipolishevskyi/.m2/repository/io/opentelemetry/opentelemetry-sdk-metrics/1.48.0/opentelemetry-sdk-metrics-1.48.0.jar:/Users/serhiipolishevskyi/.m2/repository/io/opentelemetry/opentelemetry-sdk-logs/1.48.0/opentelemetry-sdk-logs-1.48.0.jar:/Users/serhiipolishevskyi/.m2/repository/org/seleniumhq/selenium/selenium-os/4.31.0/selenium-os-4.31.0.jar:/Users/serhiipolishevskyi/.m2/repository/org/apache/commons/commons-exec/1.4.0/commons-exec-1.4.0.jar:/Users/serhiipolishevskyi/.m2/repository/org/seleniumhq/selenium/selenium-safari-driver/4.31.0/selenium-safari-driver-4.31.0.jar:/Users/serhiipolishevskyi/.m2/repository/org/seleniumhq/selenium/selenium-support/4.31.0/selenium-support-4.31.0.jar:/Users/serhiipolishevskyi/.m2/repository/org/slf4j/slf4j-api/2.0.17/slf4j-api-2.0.17.jar:/Users/serhiipolishevskyi/.m2/repository/com/codeborne/selenide-core/7.9.1/selenide-core-7.9.1.jar:/Users/serhiipolishevskyi/.m2/repository/org/apache/httpcomponents/client5/httpclient5/5.4.3/httpclient5-5.4.3.jar:/Users/serhiipolishevskyi/.m2/repository/org/apache/httpcomponents/core5/httpcore5/5.3.4/httpcore5-5.3.4.jar:/Users/serhiipolishevskyi/.m2/repository/org/apache/httpcomponents/core5/httpcore5-h2/5.3.4/httpcore5-h2-5.3.4.jar:/Users/serhiipolishevskyi/.m2/repository/com/github/valfirst/browserup-proxy/browserup-proxy-core/3.2.0/browserup-proxy-core-3.2.0.jar:/Users/serhiipolishevskyi/.m2/repository/org/jspecify/jspecify/1.0.0/jspecify-1.0.0.jar:/Users/serhiipolishevskyi/.m2/repository/com/google/errorprone/error_prone_annotations/2.38.0/error_prone_annotations-2.38.0.jar:/Users/serhiipolishevskyi/.m2/repository/org/apache/commons/commons-lang3/3.17.0/commons-lang3-3.17.0.jar:/Users/serhiipolishevskyi/.m2/repository/commons-io/commons-io/2.19.0/commons-io-2.19.0.jar:/Users/serhiipolishevskyi/.m2/repository/com/google/guava/guava/20.0/guava-20.0.jar:/Users/serhiipolishevskyi/.m2/repository/io/qameta/allure/allure-junit5/2.29.1/allure-junit5-2.29.1.jar:/Users/serhiipolishevskyi/.m2/repository/io/qameta/allure/allure-junit-platform/2.29.1/allure-junit-platform-2.29.1.jar:/Users/serhiipolishevskyi/.m2/repository/io/qameta/allure/allure-test-filter/2.29.1/allure-test-filter-2.29.1.jar:/Users/serhiipolishevskyi/.m2/repository/io/qameta/allure/allure-rest-assured/2.29.1/allure-rest-assured-2.29.1.jar:/Users/serhiipolishevskyi/.m2/repository/io/qameta/allure/allure-attachments/2.29.1/allure-attachments-2.29.1.jar:/Users/serhiipolishevskyi/.m2/repository/org/freemarker/freemarker/2.3.33/freemarker-2.3.33.jar:/Users/serhiipolishevskyi/.m2/repository/io/qameta/allure/allure-selenide/2.29.1/allure-selenide-2.29.1.jar:/Users/serhiipolishevskyi/.m2/repository/io/qameta/allure/allure-java-commons/2.29.1/allure-java-commons-2.29.1.jar:/Users/serhiipolishevskyi/.m2/repository/io/qameta/allure/allure-model/2.29.1/allure-model-2.29.1.jar:/Users/serhiipolishevskyi/.m2/repository/io/qameta/allure/allure-assertj/2.29.1/allure-assertj-2.29.1.jar:/Users/serhiipolishevskyi/.m2/repository/com/github/viclovsky/swagger-coverage-rest-assured/1.5.0/swagger-coverage-rest-assured-1.5.0.jar:/Users/serhiipolishevskyi/.m2/repository/com/github/viclovsky/swagger-coverage-commons/1.5.0/swagger-coverage-commons-1.5.0.jar:/Users/serhiipolishevskyi/.m2/repository/io/swagger/core/v3/swagger-core/2.1.10/swagger-core-2.1.10.jar:/Users/serhiipolishevskyi/.m2/repository/jakarta/xml/bind/jakarta.xml.bind-api/2.3.2/jakarta.xml.bind-api-2.3.2.jar:/Users/serhiipolishevskyi/.m2/repository/jakarta/activation/jakarta.activation-api/1.2.1/jakarta.activation-api-1.2.1.jar:/Users/serhiipolishevskyi/.m2/repository/com/fasterxml/jackson/datatype/jackson-datatype-jsr310/2.12.1/jackson-datatype-jsr310-2.12.1.jar:/Users/serhiipolishevskyi/.m2/repository/io/swagger/core/v3/swagger-annotations/2.1.10/swagger-annotations-2.1.10.jar:/Users/serhiipolishevskyi/.m2/repository/jakarta/validation/jakarta.validation-api/2.0.2/jakarta.validation-api-2.0.2.jar:/Users/serhiipolishevskyi/.m2/repository/ch/qos/logback/logback-classic/1.2.10/logback-classic-1.2.10.jar:/Users/serhiipolishevskyi/.m2/repository/ch/qos/logback/logback-core/1.2.10/logback-core-1.2.10.jar:/Users/serhiipolishevskyi/.m2/repository/com/fasterxml/jackson/dataformat/jackson-dataformat-yaml/2.10.1/jackson-dataformat-yaml-2.10.1.jar:/Users/serhiipolishevskyi/.m2/repository/org/yaml/snakeyaml/1.24/snakeyaml-1.24.jar:/Users/serhiipolishevskyi/.m2/repository/io/swagger/swagger-models/1.6.2/swagger-models-1.6.2.jar:/Users/serhiipolishevskyi/.m2/repository/io/swagger/swagger-annotations/1.6.2/swagger-annotations-1.6.2.jar:/Users/serhiipolishevskyi/.m2/repository/io/swagger/core/v3/swagger-models/2.1.10/swagger-models-2.1.10.jar:"/>
    <property name="sun.cpu.endian" value="little"/>
    <property name="user.home" value="/Users/serhiipolishevskyi"/>
    <property name="user.language" value="en"/>
    <property name="java.specification.vendor" value="Oracle Corporation"/>
    <property name="java.version.date" value="2024-07-16"/>
    <property name="java.home" value="/Users/serhiipolishevskyi/.sdkman/candidates/java/21.0.4-amzn"/>
    <property name="file.separator" value="/"/>
    <property name="basedir" value="/Users/serhiipolishevskyi/IdeaProjects/nbank"/>
    <property name="java.vm.compressedOopsMode" value="Zero based"/>
    <property name="line.separator" value="&#10;"/>
    <property name="java.vm.specification.vendor" value="Oracle Corporation"/>
    <property name="java.specification.name" value="Java Platform API Specification"/>
    <property name="apple.awt.application.name" value="ForkedBooter"/>
    <property name="surefire.real.class.path" value="/Users/serhiipolishevskyi/IdeaProjects/nbank/target/surefire/surefirebooter-20250807205334487_3.jar"/>
    <property name="sun.management.compiler" value="HotSpot 64-Bit Tiered Compilers"/>
    <property name="ftp.nonProxyHosts" value="local|*.local|169.254/16|*.169.254/16"/>
    <property name="java.runtime.version" value="21.0.4+7-LTS"/>
    <property name="user.name" value="serhiipolishevskyi"/>
    <property name="stdout.encoding" value="UTF-8"/>
    <property name="path.separator" value=":"/>
    <property name="os.version" value="15.5"/>
    <property name="java.runtime.name" value="OpenJDK Runtime Environment"/>
    <property name="file.encoding" value="UTF-8"/>
    <property name="java.vm.name" value="OpenJDK 64-Bit Server VM"/>
    <property name="java.vendor.version" value="Corretto-21.0.4.7.1"/>
    <property name="localRepository" value="/Users/serhiipolishevskyi/.m2/repository"/>
    <property name="java.vendor.url.bug" value="https://github.com/corretto/corretto-21/issues/"/>
    <property name="java.io.tmpdir" value="/var/folders/ty/27k9ks3n5m9fbh_j5z92c8zc0000gn/T/"/>
    <property name="java.version" value="21.0.4"/>
    <property name="user.dir" value="/Users/serhiipolishevskyi/IdeaProjects/nbank"/>
    <property name="os.arch" value="aarch64"/>
    <property name="java.vm.specification.name" value="Java Virtual Machine Specification"/>
    <property name="native.encoding" value="UTF-8"/>
    <property name="java.library.path" value="/Users/serhiipolishevskyi/Library/Java/Extensions:/Library/Java/Extensions:/Network/Library/Java/Extensions:/System/Library/Java/Extensions:/usr/lib/java:."/>
    <property name="java.vm.info" value="mixed mode, sharing"/>
    <property name="stderr.encoding" value="UTF-8"/>
    <property name="java.vendor" value="Amazon.com Inc."/>
    <property name="java.vm.version" value="21.0.4+7-LTS"/>
    <property name="sun.io.unicode.encoding" value="UnicodeBig"/>
    <property name="socksNonProxyHosts" value="local|*.local|169.254/16|*.169.254/16"/>
    <property name="java.class.version" value="65.0"/>
  </properties>
  <testcase name="userCannotChangeNameWithInvalidDataTest(String, String, CreateUserRequestModel)[4]" classname="api.ChangeNameUserTest" time="0.812">
    <system-out><![CDATA[Request method:	DELETE
Request URI:	http://localhost:4111/api/v1/admin/users/201
Proxy:			<none>
Request params:	<none>
Query params:	<none>
Form params:	<none>
Path params:	<none>
Headers:		Accept=application/json, application/javascript, text/javascript, text/json
				Authorization=Basic YWRtaW46YWRtaW4=
				Content-Type=application/json
Cookies:		<none>
Multiparts:		<none>
Body:			<none>
Request method:	POST
Request URI:	http://localhost:4111/api/v1/admin/users
Proxy:			<none>
Request params:	<none>
Query params:	<none>
Form params:	<none>
Path params:	<none>
Headers:		Accept=application/json, application/javascript, text/javascript, text/json
				Authorization=Basic YWRtaW46YWRtaW4=
				Content-Type=application/json
Cookies:		<none>
Multiparts:		<none>
Body:
{
    "username": "k4Autk98UDsi8J",
    "password": "WTHqyrc868&&",
    "role": "USER"
}
HTTP/1.1 200 
Vary: Origin
Vary: Access-Control-Request-Method
Vary: Access-Control-Request-Headers
X-Content-Type-Options: nosniff
X-XSS-Protection: 0
Cache-Control: no-cache, no-store, max-age=0, must-revalidate
Pragma: no-cache
Expires: 0
X-Frame-Options: DENY
Content-Type: application/json
Content-Length: 38
Date: Thu, 07 Aug 2025 17:53:37 GMT
Keep-Alive: timeout=60
Connection: keep-alive

User with ID 204 deleted successfully.
]]></system-out>
  </testcase>
  <testcase name="userCannotTransferMoneyWithInvalidDataTest(Float, String, CreateUserRequestModel)[3]" classname="api.TransferMoneyUserTest" time="1.288">
    <system-out><![CDATA[Request method:	POST
Request URI:	http://localhost:4111/api/v1/admin/users
Proxy:			<none>
Request params:	<none>
Query params:	<none>
Form params:	<none>
Path params:	<none>
Headers:		Accept=application/json, application/javascript, text/javascript, text/json
				Authorization=Basic YWRtaW46YWRtaW4=
				Content-Type=application/json
Cookies:		<none>
Multiparts:		<none>
Body:
{
    "username": "SCrCc7Qwwf7Kqjr",
    "password": "EKYkhmd207&$",
    "role": "USER"
}
HTTP/1.1 200 
Vary: Origin
Vary: Access-Control-Request-Method
Vary: Access-Control-Request-Headers
Authorization: Basic WUV6RmNUSHF3eDNjOlZSRmFkdWYxMzgkJg==
X-Content-Type-Options: nosniff
X-XSS-Protection: 0
Cache-Control: no-cache, no-store, max-age=0, must-revalidate
Pragma: no-cache
Expires: 0
X-Frame-Options: DENY
Content-Type: application/json
Transfer-Encoding: chunked
Date: Thu, 07 Aug 2025 17:53:37 GMT
Keep-Alive: timeout=60
Connection: keep-alive

{
    "role": "USER",
    "username": "YEzFcTHqwx3c"
}
Request method:	POST
Request URI:	http://localhost:4111/api/v1/accounts
Proxy:			<none>
Request params:	<none>
Query params:	<none>
Form params:	<none>
Path params:	<none>
Headers:		Accept=application/json, application/javascript, text/javascript, text/json
				Authorization=Basic WUV6RmNUSHF3eDNjOlZSRmFkdWYxMzgkJg==
				Content-Type=application/json
Cookies:		<none>
Multiparts:		<none>
Body:
HTTP/1.1 200 
Vary: Origin
Vary: Access-Control-Request-Method
Vary: Access-Control-Request-Headers
X-Content-Type-Options: nosniff
X-XSS-Protection: 0
Cache-Control: no-cache, no-store, max-age=0, must-revalidate
Pragma: no-cache
Expires: 0
X-Frame-Options: DENY
Content-Type: application/json
Content-Length: 38
Date: Thu, 07 Aug 2025 17:53:37 GMT
Keep-Alive: timeout=60
Connection: keep-alive

User with ID 201 deleted successfully.
]]></system-out>
  </testcase>
  <testcase name="adminCanCreateUserAndGetSuccessfulResponseTest" classname="api.CreateUserTest" time="0.352">
    <system-out><![CDATA[HTTP/1.1 200 
Vary: Origin
Vary: Access-Control-Request-Method
Vary: Access-Control-Request-Headers
X-Content-Type-Options: nosniff
X-XSS-Protection: 0
Cache-Control: no-cache, no-store, max-age=0, must-revalidate
Pragma: no-cache
Expires: 0
X-Frame-Options: DENY
Content-Type: application/json
Transfer-Encoding: chunked
Date: Thu, 07 Aug 2025 17:53:37 GMT
Keep-Alive: timeout=60
Connection: keep-alive

[
    {
        "id": 1,
        "username": "3IuBobTMeHtytJ",
        "password": "$2a$10$/3BWunyOdniJEn3WTiKfU.tOx/u6VKMnJdj4noQF7QYeM0nMWQKWe",
        "name": null,
        "role": "USER",
        "accounts": [
            
        ]
    },
    {
        "id": 129,
        "username": "X6bf1RFNYUJMKsT",
        "password": "$2a$10$/V4ngnDoqDgCoT65GNkZquu6Maz45eahQkIvmp2Zi6fvHh.MUbHDS",
        "name": null,
        "role": "USER",
        "accounts": [
            
        ]
    },
    {
        "id": 130,
        "username": "RNBfX38JDNuCHeB",
        "password": "$2a$10$dOYqyTURhhgNzHtwrM2fnevmfaUhDCZmiScXvkPwqBr3Ne.ERXcBK",
        "name": null,
        "role": "USER",
        "accounts": [
            
        ]
    },
    {
        "id": 3,
        "username": "C0Mg5h3QMjiBNN",
        "password": "$2a$10$kffDbetRk6ePhAJVCwqJSu9fmorHe5atnjYkFsHZX36rIIK/S32Dq",
        "name": null,
        "role": "USER",
        "accounts": [
            
        ]
    },
    {
        "id": 131,
        "username": "PdmhhHQoFyA43IE",
        "password": "$2a$10$g3r2oKps4XNUozZNQ38JeO4wxAsbK5EKwasodtjkfAfjDusluroB.",
        "name": null,
        "role": "USER",
        "accounts": [
            
        ]
    },
    {
        "id": 132,
        "username": "WOVMYZrctJ0RjU",
        "password": "$2a$10$uMtVwrwm/FshjwjruWwlKe6nBqZtGCXZLHQrEPFeqyift6x7FmPeu",
        "name": null,
        "role": "USER",
        "accounts": [
            
        ]
    },
    {
        "id": 133,
        "username": "018Up3knsDLL8He",
        "password": "$2a$10$fr35XicMAMpwMofqkKsi3e7I6nubW5/4iTW8qxV5wj/B4WBR4MP0K",
        "name": null,
        "role": "USER",
        "accounts": [
            
        ]
    },
    {
        "id": 134,
        "username": "80GkaRWlKo8",
        "password": "$2a$10$N63snmpJCtH5D.cPUwPic.mvSXk6BVmNhjBfCBaikmWKgWHeNeQHC",
        "name": null,
        "role": "USER",
        "accounts": [
            
        ]
    },
    {
        "id": 135,
        "username": "s67Yq",
        "password": "$2a$10$eaHbTRo0Iv7HcHs4AODMK.Qg4cACjFCAd5DgQFQH/7x2vIPg/hkE2",
        "name": null,
        "role": "USER",
        "accounts": [
            
        ]
    },
    {
        "id": 136,
        "username": "B1hNUc8l0DYR",
        "password": "$2a$10$4P1b0qJZHKVmyVT7KZ4elOf9G2qUXsMfGUrtj7O2NHS0NhPZRjBPC",
        "name": null,
        "role": "USER",
        "accounts": [
            
        ]
    },
    {
        "id": 137,
        "username": "7Pswd8V1yhy",
        "password": "$2a$10$e5i9IMLuGBJ/eoJq0.P24.2Sez5YR.fQ2k4sfsKD7eqyB6Osx7iDe",
        "name": null,
        "role": "USER",
        "accounts": [
            
        ]
    },
    {
        "id": 138,
        "username": "yeCpLl2GDRM4",
        "password": "$2a$10$b4d9AVCOZUkj02osTs9.v.zV9uIA.0EFyodwdggRNa2.H9BcDneRC",
        "name": null,
        "role": "USER",
        "accounts": [
            
        ]
    },
    {
        "id": 139,
        "username": "g4jY7",
        "password": "$2a$10$gl0cynz/UWAD/i/4Xw7Ldu3ezljYiuqhwzUM9ACEdg3eBcABpXUoy",
        "name": null,
        "role": "USER",
        "accounts": [
            
        ]
    },
    {
        "id": 140,
        "username": "0BhJ1RQHT",
        "password": "$2a$10$OGlTtwXxW.fmPt9HxZMteewJrKij92GC1dSioz23/CPfm4CGKyhVy",
        "name": null,
        "role": "USER",
        "accounts": [
            
        ]
    },
    {
        "id": 143,
        "username": "2EUwbBAo",
        "password": "$2a$10$E5OFT.DycohF4yBois7tteKbaRZzui1qeR81.Mf./itD3ITfutfIe",
        "name": null,
        "role": "USER",
        "accounts": [
            
        ]
    },
    {
        "id": 17,
        "username": "Vpplf5YWOU",
        "password": "$2a$10$SCs5M76lwCE8CzysYCSoQO18IBz3/vQtOvlcS64cWn.oNTTHkyl3i",
        "name": null,
        "role": "USER",
        "accounts": [
            
        ]
    },
    {
        "id": 145,
        "username": "hQuCJY9zrWDU5",
        "password": "$2a$10$2CMHwaR.UXO0V3mP5F7g4ujJH1ENQLDgu8bO3xOBvOUrkT3K6goCi",
        "name": null,
        "role": "USER",
        "accounts": [
            {
                "id": 113,
                "accountNumber": "ACC113",
                "balance": 5000.0,
                "transactions": [
                    {
                        "id": 64,
                        "amount": 5000.0,
                        "type": "DEPOSIT",
                        "timestamp": "Thu Aug 07 17:51:34 UTC 2025",
                        "relatedAccountId": 113
                    }
                ]
            }
        ]
    },
    {
        "id": 146,
        "username": "h7ZHMWoCc6h5K",
        "password": "$2a$10$TCUOKjtsYVeNqjZJYx8f7ebCC6T/QpCNiFAwx3WfDmUOD661fLKqK",
        "name": null,
        "role": "USER",
        "accounts": [
            
        ]
    },
    {
        "id": 147,
        "username": "W56",
        "password": "$2a$10$giMno5j9aVoXoF.W1nUpk.lWwTQXhwWBG4BkVUVV0sIJy99vm74Fm",
        "name": null,
        "role": "USER",
        "accounts": [
            {
                "id": 94,
                "accountNumber": "ACC94",
                "balance": 0.0,
                "transactions": [
                    
                ]
            }
        ]
    },
    {
        "id": 148,
        "username": "SkZud0Xj8NCNX",
        "password": null,
        "name": "YsbpJzUJOn ElhBZBTygr",
        "role": "USER",
        "accounts": [
            
        ]
    },
    {
        "id": 150,
        "username": "eN1Nxx07Y",
        "password": "$2a$10$w7fQ1TtbNwQvawVX.dje8.4YVl9hY0Xug52buvJ9fMA82vCM6ZJBu",
        "name": null,
        "role": "USER",
        "accounts": [
            {
                "id": 115,
                "accountNumber": "ACC115",
                "balance": 0.0,
                "transactions": [
                    
                ]
            }
        ]
    },
    {
        "id": 151,
        "username": "Z3hp",
        "password": "$2a$10$dDqpcZPsc4XRcYexx7zgwuM5vPTd1b4z72ICqNOY5abpshyVvhd16",
        "name": null,
        "role": "USER",
        "accounts": [
            {
                "id": 96,
                "accountNumber": "ACC96",
                "balance": 0.0,
                "transactions": [
                    
                ]
            }
        ]
    },
    {
        "id": 158,
        "username": "Y0E6",
        "password": "$2a$10$oksEjOX8eMTzq9pc.2vlZetSdD06d5Bjj2nHPXE1wwcAA6mluCOP6",
        "name": null,
        "role": "USER",
        "accounts": [
            
        ]
    },
    {
        "id": 38,
        "username": "ut5eedr",
        "password": "$2a$10$CnS7JovHodaylrKR7n0jU.DE1A19elt8SQaqPQacB0DQ7gw4J.R36",
        "name": null,
        "role": "USER",
        "accounts": [
            
        ]
    },
    {
        "id": 51,
        "username": "23hWv",
        "password": "$2a$10$Pa7NaYwzxNMdv7R4oK4AeexsqSaAwx.DM1VQ3M5jFul/1WAxxSbuW",
        "name": null,
        "role": "USER",
        "accounts": [
            
        ]
    },
    {
        "id": 52,
        "username": "5vxJSE4H3tVCS",
        "password": "$2a$10$ZsyfLz32ND2PAZZbD/u6GuO1a.2vRACWikuUEYuJqEohC0WHxITd6",
        "name": null,
        "role": "USER",
        "accounts": [
            
        ]
    },
    {
        "id": 53,
        "username": "v4ifh",
        "password": "$2a$10$LIaFZIVdDG539dlje68tW.3r03QiQkRGzPXJRZ9V3kVEjSTKAwQi6",
        "name": null,
        "role": "USER",
        "accounts": [
            
        ]
    },
    {
        "id": 55,
        "username": "oIHgKNDDB",
        "password": "$2a$10$KJK8O/3izzqJmJZfklDTCuCTFqWBgrTMoWUYeRyO5omPw/KnImiGG",
        "name": null,
        "role": "USER",
        "accounts": [
            
        ]
    },
    {
        "id": 188,
        "username": "KzCAbLMR8",
        "password": "$2a$10$/35.oD7sH0qdmmkyprU17.N5qylxFmjpz9cAZxFNW.QuqLYXYJhlK",
        "name": null,
        "role": "USER",
        "accounts": [
            
        ]
    },
    {
        "id": 189,
        "username": "SjB7",
        "password": null,
        "name": "EvSnrDvrKq CydkjrDHgQ",
        "role": "USER",
        "accounts": [
            
        ]
    },
    {
        "id": 190,
        "username": "KpTdnzLxgGk",
        "password": "$2a$10$bZfRmdvE0ISUr/oQ9bLoSO6cxqTEhgHJwvh5CZv2DdP4GgW2/JxUe",
        "name": null,
        "role": "USER",
        "accounts": [
            {
                "id": 133,
                "accountNumber": "ACC133",
                "balance": 0.0,
                "transactions": [
                    
                ]
            }
        ]
    },
    {
        "id": 191,
        "username": "n7gEhP",
        "password": "$2a$10$ZSscuOgwtlh3I0wW.Fyuq.lipdxnirkAnQkgt8WTEwGQ/su2dVuFS",
        "name": null,
        "role": "USER",
        "accounts": [
            {
                "id": 131,
                "accountNumber": "ACC131",
                "balance": 0.0,
                "transactions": [
                    
                ]
            }
        ]
    },
    {
        "id": 192,
        "username": "GhOCcI5ej9kfeid",
        "password": "$2a$10$E.fqygV6/80E7MMy2NKluOX3Zl74KZI2A5MqOy7seuaxn1gntcokC",
        "name": null,
        "role": "USER",
        "accounts": [
            
        ]
    },
    {
        "id": 194,
        "username": "YT9k3czVPJCN",
        "password": "$2a$10$gvKwVp4gvNy.X3N.GDb1Z.iAOuaGt0SMRRWEYUJOWdBRFhiEk2OWu",
        "name": null,
        "role": "USER",
        "accounts": [
            {
                "id": 132,
                "accountNumber": "ACC132",
                "balance": 0.0,
                "transactions": [
                    {
                        "id": 73,
                        "amount": 5000.0,
                        "type": "DEPOSIT",
                        "timestamp": "Thu Aug 07 17:53:36 UTC 2025",
                        "relatedAccountId": 132
                    },
                    {
                        "id": 72,
                        "amount": 5000.0,
                        "type": "DEPOSIT",
                        "timestamp": "Thu Aug 07 17:53:36 UTC 2025",
                        "relatedAccountId": 132
                    },
                    {
                        "id": 74,
                        "amount": 10000.0,
                        "type": "TRANSFER_OUT",
                        "timestamp": "Thu Aug 07 17:53:36 UTC 2025",
                        "relatedAccountId": 134
                    }
                ]
            },
            {
                "id": 134,
                "accountNumber": "ACC134",
                "balance": 10000.0,
                "transactions": [
                    {
                        "id": 75,
                        "amount": 10000.0,
                        "type": "TRANSFER_IN",
                        "timestamp": "Thu Aug 07 17:53:36 UTC 2025",
                        "relatedAccountId": 132
                    }
                ]
            }
        ]
    },
    {
        "id": 196,
        "username": "8bz",
        "password": "$2a$10$7Yp8JN5mC1WhUKEAFKPmP.UU5VAToLKAiDLMn8oQ2eZAq.Zmvg0Z.",
        "name": null,
        "role": "USER",
        "accounts": [
            
        ]
    },
    {
        "id": 69,
        "username": "aTr",
        "password": "$2a$10$JS.zPJMrDsdLrW2Tn.eoduKuPsYdFh4EUjciB.GifU31EzL/2aOxy",
        "name": null,
        "role": "USER",
        "accounts": [
            
        ]
    },
    {
        "id": 201,
        "username": "lrcvAGahRWa",
        "password": "$2a$10$lpzLHX6qScdGyw9b6xRw9eDhZm0Fx19m5hrhB7MQZzUReG1kJ0sLe",
        "name": null,
        "role": "USER",
        "accounts": [
            {
                "id": 137,
                "accountNumber": "ACC137",
                "balance": 5000.0,
                "transactions": [
                    {
                        "id": 77,
                        "amount": 5000.0,
                        "type": "DEPOSIT",
                        "timestamp": "Thu Aug 07 17:53:37 UTC 2025",
                        "relatedAccountId": 137
                    }
                ]
            }
        ]
    },
    {
        "id": 205,
        "username": "YEzFcTHqwx3c",
        "password": "$2a$10$lVcKhsCNnlETXg.6gHOuTOIvYN6uysB3cxkp8SUimAEmlMkWTP7zy",
        "name": null,
        "role": "USER",
        "accounts": [
            
        ]
    },
    {
        "id": 206,
        "username": "RWXTG3JRnMfSa",
        "password": "$2a$10$Jhm8kNRVoawqDjDyReNh9O2ycCT8E5vNqtCEApLkLkXmBOnDqx9oS",
        "name": null,
        "role": "USER",
        "accounts": [
            
        ]
    },
    {
        "id": 90,
        "username": "BPq6",
        "password": "$2a$10$8Unw5AUenabWbMNCzPbtvehBCo.EHmadVK4unHjXv4bKiT1gSdUxi",
        "name": null,
        "role": "USER",
        "accounts": [
            
        ]
    },
    {
        "id": 100,
        "username": "KcQIDA9ukJ",
        "password": "$2a$10$RKljtGqTPjNUnHmFsjj3xOjA9dsJaI7mDHOzdoxA.Fp7Lv5fMv.le",
        "name": null,
        "role": "USER",
        "accounts": [
            
        ]
    },
    {
        "id": 101,
        "username": "2Aiuzwtw6jfLf",
        "password": "$2a$10$qfiwiQA.o4oOuuYnhtjHi.vBRT0MhE9ZkjWAVFysxl38rUfDKjYhy",
        "name": null,
        "role": "USER",
        "accounts": [
            
        ]
    },
    {
        "id": 103,
        "username": "gYtbm9D",
        "password": "$2a$10$FvYOwUAfpLJOmP4jNTetR.bu0U4AeGbvNdsZMLHaQdDiGN4kIVnsK",
        "name": null,
        "role": "USER",
        "accounts": [
            
        ]
    },
    {
        "id": 105,
        "username": "6Hl5e7Bh",
        "password": "$2a$10$uqEdp6Y7KPS0RTr8ufY.CuiqM/9iTCu3LtnQh9m6if4zPuQ.NoiuO",
        "name": null,
        "role": "USER",
        "accounts": [
            {
                "id": 81,
                "accountNumber": "ACC81",
                "balance": 0.0,
                "transactions": [
                    
                ]
            }
        ]
    },
    {
        "id": 106,
        "username": "iYKkmilccC",
        "password": "$2a$10$/L99IvOw8P2qtfzeYqjsmezeFsHooBjs/Jc.RIoqPVyaAG9jZmhha",
        "name": null,
        "role": "USER",
        "accounts": [
            
        ]
    },
    {
        "id": 107,
        "username": "I1g",
        "password": "$2a$10$6NjTnYBS0ai4BK9zuBSptOuKXgfBpvZrA60nGPsBii6mIbjS71PXu",
        "name": null,
        "role": "USER",
        "accounts": [
            
        ]
    },
    {
        "id": 109,
        "username": "oxWBPUoebIRlxL",
        "password": "$2a$10$woVH5YEhe38NaFbE/jHT..VsX6pggCyClvmcAjlgj0fWpaDa//1N6",
        "name": null,
        "role": "USER",
        "accounts": [
            
        ]
    },
    {
        "id": 112,
        "username": "MhkyFQBTphn90n",
        "password": "$2a$10$.LzMXo4DmU/oTGOntKZ16ezdvaugcXePugCHQRm/gO3SG/Jie1buu",
        "name": null,
        "role": "USER",
        "accounts": [
            
        ]
    },
    {
        "id": 113,
        "username": "5VDLklYVfvCa",
        "password": "$2a$10$JJYGG6POz4Qp5Y5xAuad0.6mP0lWRvL038u18ThxTFG4fO3Sbti4y",
        "name": null,
        "role": "USER",
        "accounts": [
            
        ]
    },
    {
        "id": 114,
        "username": "4pUY",
        "password": "$2a$10$VCU4BA.Xu.QOx2rKW3D7Kel5cgxsP.wXTWXsBaqII8YcOzeY/r5ny",
        "name": null,
        "role": "USER",
        "accounts": [
            
        ]
    },
    {
        "id": 119,
        "username": "xVmGTMbwLKrqC5q",
        "password": "$2a$10$Gfra.KIM3CFubz2Jj3NdFeQqZmiiP2.o/z.E37lQsUqcWTZFAIRNq",
        "name": null,
        "role": "USER",
        "accounts": [
            
        ]
    },
    {
        "id": 124,
        "username": "SGOZVouD",
        "password": "$2a$10$kJfXx7/XB9x0ul8RRDH0Zeapp1FKxjWa2hWN4zFisL7pdy2hMo70G",
        "name": null,
        "role": "USER",
        "accounts": [
            {
                "id": 89,
                "accountNumber": "ACC89",
                "balance": 0.0,
                "transactions": [
                    
                ]
            }
        ]
    },
    {
        "id": 125,
        "username": "GNTkh",
        "password": "$2a$10$wj2feVc4lRwMKbKksq/X3.KohK4BDDsQeqKceJFTtKTYcE6.WwNma",
        "name": null,
        "role": "USER",
        "accounts": [
            {
                "id": 87,
                "accountNumber": "ACC87",
                "balance": 0.0,
                "transactions": [
                    
                ]
            }
        ]
    },
    {
        "id": 127,
        "username": "XmbdJlD",
        "password": "$2a$10$cIhhknG/tQlAu0NhBn2lHOctSDqFyhyOUY2AfeElxJMKKG1ZvzJru",
        "name": null,
        "role": "USER",
        "accounts": [
            {
                "id": 90,
                "accountNumber": "ACC90",
                "balance": 5000.0,
                "transactions": [
                    {
                        "id": 48,
                        "amount": 5000.0,
                        "type": "DEPOSIT",
                        "timestamp": "Thu Aug 07 17:50:56 UTC 2025",
                        "relatedAccountId": 90
                    }
                ]
            }
        ]
    }
]
Request method:	POST
Request URI:	http://localhost:4111/api/v1/admin/users
Proxy:			<none>
Request params:	<none>
Query params:	<none>
Form params:	<none>
Path params:	<none>
Headers:		Accept=application/json, application/javascript, text/javascript, text/json
				Authorization=Basic YWRtaW46YWRtaW4=
				Content-Type=application/json
Cookies:		<none>
Multiparts:		<none>
Body:
{
    "username": "beeHMfNQ3JZRT",
    "password": "IYKcglw504&$",
    "role": "USER"
}
]]></system-out>
  </testcase>
</testsuite>