<?xml version="1.0" encoding="UTF-8"?>
<testsuite xmlns:xsi="http://www.w3.org/2001/XMLSchema-instance" xsi:noNamespaceSchemaLocation="https://maven.apache.org/surefire/maven-surefire-plugin/xsd/surefire-test-report-3.0.xsd" version="3.0" name="ui.LoginUserTest" time="15.654" tests="4" errors="0" skipped="0" failures="0">
  <properties>
    <property name="java.specification.version" value="21"/>
    <property name="sun.jnu.encoding" value="UTF-8"/>
    <property name="java.class.path" value="/Users/serhiipolishevskyi/IdeaProjects/nbank/target/test-classes:/Users/serhiipolishevskyi/IdeaProjects/nbank/target/classes:/Users/serhiipolishevskyi/.m2/repository/io/rest-assured/rest-assured/5.5.1/rest-assured-5.5.1.jar:/Users/serhiipolishevskyi/.m2/repository/org/apache/groovy/groovy/4.0.22/groovy-4.0.22.jar:/Users/serhiipolishevskyi/.m2/repository/org/apache/groovy/groovy-xml/4.0.22/groovy-xml-4.0.22.jar:/Users/serhiipolishevskyi/.m2/repository/org/apache/httpcomponents/httpclient/4.5.13/httpclient-4.5.13.jar:/Users/serhiipolishevskyi/.m2/repository/org/apache/httpcomponents/httpcore/4.4.13/httpcore-4.4.13.jar:/Users/serhiipolishevskyi/.m2/repository/commons-logging/commons-logging/1.2/commons-logging-1.2.jar:/Users/serhiipolishevskyi/.m2/repository/commons-codec/commons-codec/1.11/commons-codec-1.11.jar:/Users/serhiipolishevskyi/.m2/repository/org/apache/httpcomponents/httpmime/4.5.13/httpmime-4.5.13.jar:/Users/serhiipolishevskyi/.m2/repository/org/hamcrest/hamcrest/2.2/hamcrest-2.2.jar:/Users/serhiipolishevskyi/.m2/repository/org/ccil/cowan/tagsoup/tagsoup/1.2.1/tagsoup-1.2.1.jar:/Users/serhiipolishevskyi/.m2/repository/io/rest-assured/json-path/5.5.1/json-path-5.5.1.jar:/Users/serhiipolishevskyi/.m2/repository/org/apache/groovy/groovy-json/4.0.22/groovy-json-4.0.22.jar:/Users/serhiipolishevskyi/.m2/repository/io/rest-assured/rest-assured-common/5.5.1/rest-assured-common-5.5.1.jar:/Users/serhiipolishevskyi/.m2/repository/io/rest-assured/xml-path/5.5.1/xml-path-5.5.1.jar:/Users/serhiipolishevskyi/.m2/repository/org/junit/jupiter/junit-jupiter/5.10.2/junit-jupiter-5.10.2.jar:/Users/serhiipolishevskyi/.m2/repository/org/junit/jupiter/junit-jupiter-api/5.10.2/junit-jupiter-api-5.10.2.jar:/Users/serhiipolishevskyi/.m2/repository/org/opentest4j/opentest4j/1.3.0/opentest4j-1.3.0.jar:/Users/serhiipolishevskyi/.m2/repository/org/junit/jupiter/junit-jupiter-engine/5.10.2/junit-jupiter-engine-5.10.2.jar:/Users/serhiipolishevskyi/.m2/repository/org/junit/platform/junit-platform-engine/1.10.2/junit-platform-engine-1.10.2.jar:/Users/serhiipolishevskyi/.m2/repository/org/apiguardian/apiguardian-api/1.1.2/apiguardian-api-1.1.2.jar:/Users/serhiipolishevskyi/.m2/repository/org/junit/platform/junit-platform-launcher/1.10.2/junit-platform-launcher-1.10.2.jar:/Users/serhiipolishevskyi/.m2/repository/org/projectlombok/lombok/1.18.38/lombok-1.18.38.jar:/Users/serhiipolishevskyi/.m2/repository/org/junit/jupiter/junit-jupiter-params/5.10.2/junit-jupiter-params-5.10.2.jar:/Users/serhiipolishevskyi/.m2/repository/org/junit/platform/junit-platform-commons/1.10.2/junit-platform-commons-1.10.2.jar:/Users/serhiipolishevskyi/.m2/repository/com/fasterxml/jackson/core/jackson-databind/2.19.0/jackson-databind-2.19.0.jar:/Users/serhiipolishevskyi/.m2/repository/com/fasterxml/jackson/core/jackson-annotations/2.19.0/jackson-annotations-2.19.0.jar:/Users/serhiipolishevskyi/.m2/repository/com/fasterxml/jackson/core/jackson-core/2.19.0/jackson-core-2.19.0.jar:/Users/serhiipolishevskyi/.m2/repository/org/assertj/assertj-core/3.27.3/assertj-core-3.27.3.jar:/Users/serhiipolishevskyi/.m2/repository/net/bytebuddy/byte-buddy/1.15.11/byte-buddy-1.15.11.jar:/Users/serhiipolishevskyi/.m2/repository/com/github/curious-odd-man/rgxgen/1.3/rgxgen-1.3.jar:/Users/serhiipolishevskyi/.m2/repository/com/codeborne/selenide/7.9.1/selenide-7.9.1.jar:/Users/serhiipolishevskyi/.m2/repository/org/seleniumhq/selenium/selenium-java/4.31.0/selenium-java-4.31.0.jar:/Users/serhiipolishevskyi/.m2/repository/org/seleniumhq/selenium/selenium-api/4.31.0/selenium-api-4.31.0.jar:/Users/serhiipolishevskyi/.m2/repository/org/seleniumhq/selenium/selenium-chrome-driver/4.31.0/selenium-chrome-driver-4.31.0.jar:/Users/serhiipolishevskyi/.m2/repository/com/google/auto/service/auto-service-annotations/1.1.1/auto-service-annotations-1.1.1.jar:/Users/serhiipolishevskyi/.m2/repository/org/seleniumhq/selenium/selenium-chromium-driver/4.31.0/selenium-chromium-driver-4.31.0.jar:/Users/serhiipolishevskyi/.m2/repository/org/seleniumhq/selenium/selenium-json/4.31.0/selenium-json-4.31.0.jar:/Users/serhiipolishevskyi/.m2/repository/org/seleniumhq/selenium/selenium-manager/4.31.0/selenium-manager-4.31.0.jar:/Users/serhiipolishevskyi/.m2/repository/org/seleniumhq/selenium/selenium-devtools-v133/4.31.0/selenium-devtools-v133-4.31.0.jar:/Users/serhiipolishevskyi/.m2/repository/org/seleniumhq/selenium/selenium-devtools-v134/4.31.0/selenium-devtools-v134-4.31.0.jar:/Users/serhiipolishevskyi/.m2/repository/org/seleniumhq/selenium/selenium-devtools-v135/4.31.0/selenium-devtools-v135-4.31.0.jar:/Users/serhiipolishevskyi/.m2/repository/org/seleniumhq/selenium/selenium-edge-driver/4.31.0/selenium-edge-driver-4.31.0.jar:/Users/serhiipolishevskyi/.m2/repository/org/seleniumhq/selenium/selenium-firefox-driver/4.31.0/selenium-firefox-driver-4.31.0.jar:/Users/serhiipolishevskyi/.m2/repository/org/seleniumhq/selenium/selenium-http/4.31.0/selenium-http-4.31.0.jar:/Users/serhiipolishevskyi/.m2/repository/org/seleniumhq/selenium/selenium-ie-driver/4.31.0/selenium-ie-driver-4.31.0.jar:/Users/serhiipolishevskyi/.m2/repository/org/seleniumhq/selenium/selenium-remote-driver/4.31.0/selenium-remote-driver-4.31.0.jar:/Users/serhiipolishevskyi/.m2/repository/io/opentelemetry/opentelemetry-api/1.48.0/opentelemetry-api-1.48.0.jar:/Users/serhiipolishevskyi/.m2/repository/io/opentelemetry/opentelemetry-context/1.48.0/opentelemetry-context-1.48.0.jar:/Users/serhiipolishevskyi/.m2/repository/io/opentelemetry/opentelemetry-exporter-logging/1.48.0/opentelemetry-exporter-logging-1.48.0.jar:/Users/serhiipolishevskyi/.m2/repository/io/opentelemetry/opentelemetry-sdk-common/1.48.0/opentelemetry-sdk-common-1.48.0.jar:/Users/serhiipolishevskyi/.m2/repository/io/opentelemetry/opentelemetry-sdk-extension-autoconfigure-spi/1.48.0/opentelemetry-sdk-extension-autoconfigure-spi-1.48.0.jar:/Users/serhiipolishevskyi/.m2/repository/io/opentelemetry/opentelemetry-sdk-extension-autoconfigure/1.48.0/opentelemetry-sdk-extension-autoconfigure-1.48.0.jar:/Users/serhiipolishevskyi/.m2/repository/io/opentelemetry/opentelemetry-sdk-trace/1.48.0/opentelemetry-sdk-trace-1.48.0.jar:/Users/serhiipolishevskyi/.m2/repository/io/opentelemetry/opentelemetry-sdk/1.48.0/opentelemetry-sdk-1.48.0.jar:/Users/serhiipolishevskyi/.m2/repository/io/opentelemetry/opentelemetry-sdk-metrics/1.48.0/opentelemetry-sdk-metrics-1.48.0.jar:/Users/serhiipolishevskyi/.m2/repository/io/opentelemetry/opentelemetry-sdk-logs/1.48.0/opentelemetry-sdk-logs-1.48.0.jar:/Users/serhiipolishevskyi/.m2/repository/org/seleniumhq/selenium/selenium-os/4.31.0/selenium-os-4.31.0.jar:/Users/serhiipolishevskyi/.m2/repository/org/apache/commons/commons-exec/1.4.0/commons-exec-1.4.0.jar:/Users/serhiipolishevskyi/.m2/repository/org/seleniumhq/selenium/selenium-safari-driver/4.31.0/selenium-safari-driver-4.31.0.jar:/Users/serhiipolishevskyi/.m2/repository/org/seleniumhq/selenium/selenium-support/4.31.0/selenium-support-4.31.0.jar:/Users/serhiipolishevskyi/.m2/repository/org/slf4j/slf4j-api/2.0.17/slf4j-api-2.0.17.jar:/Users/serhiipolishevskyi/.m2/repository/com/codeborne/selenide-core/7.9.1/selenide-core-7.9.1.jar:/Users/serhiipolishevskyi/.m2/repository/org/apache/httpcomponents/client5/httpclient5/5.4.3/httpclient5-5.4.3.jar:/Users/serhiipolishevskyi/.m2/repository/org/apache/httpcomponents/core5/httpcore5/5.3.4/httpcore5-5.3.4.jar:/Users/serhiipolishevskyi/.m2/repository/org/apache/httpcomponents/core5/httpcore5-h2/5.3.4/httpcore5-h2-5.3.4.jar:/Users/serhiipolishevskyi/.m2/repository/com/github/valfirst/browserup-proxy/browserup-proxy-core/3.2.0/browserup-proxy-core-3.2.0.jar:/Users/serhiipolishevskyi/.m2/repository/org/jspecify/jspecify/1.0.0/jspecify-1.0.0.jar:/Users/serhiipolishevskyi/.m2/repository/com/google/errorprone/error_prone_annotations/2.38.0/error_prone_annotations-2.38.0.jar:/Users/serhiipolishevskyi/.m2/repository/org/apache/commons/commons-lang3/3.17.0/commons-lang3-3.17.0.jar:/Users/serhiipolishevskyi/.m2/repository/commons-io/commons-io/2.19.0/commons-io-2.19.0.jar:/Users/serhiipolishevskyi/.m2/repository/com/google/guava/guava/20.0/guava-20.0.jar:/Users/serhiipolishevskyi/.m2/repository/io/qameta/allure/allure-junit5/2.29.1/allure-junit5-2.29.1.jar:/Users/serhiipolishevskyi/.m2/repository/io/qameta/allure/allure-junit-platform/2.29.1/allure-junit-platform-2.29.1.jar:/Users/serhiipolishevskyi/.m2/repository/io/qameta/allure/allure-test-filter/2.29.1/allure-test-filter-2.29.1.jar:/Users/serhiipolishevskyi/.m2/repository/io/qameta/allure/allure-rest-assured/2.29.1/allure-rest-assured-2.29.1.jar:/Users/serhiipolishevskyi/.m2/repository/io/qameta/allure/allure-attachments/2.29.1/allure-attachments-2.29.1.jar:/Users/serhiipolishevskyi/.m2/repository/org/freemarker/freemarker/2.3.33/freemarker-2.3.33.jar:/Users/serhiipolishevskyi/.m2/repository/io/qameta/allure/allure-selenide/2.29.1/allure-selenide-2.29.1.jar:/Users/serhiipolishevskyi/.m2/repository/io/qameta/allure/allure-java-commons/2.29.1/allure-java-commons-2.29.1.jar:/Users/serhiipolishevskyi/.m2/repository/io/qameta/allure/allure-model/2.29.1/allure-model-2.29.1.jar:/Users/serhiipolishevskyi/.m2/repository/io/qameta/allure/allure-assertj/2.29.1/allure-assertj-2.29.1.jar:/Users/serhiipolishevskyi/.m2/repository/com/github/viclovsky/swagger-coverage-rest-assured/1.5.0/swagger-coverage-rest-assured-1.5.0.jar:/Users/serhiipolishevskyi/.m2/repository/com/github/viclovsky/swagger-coverage-commons/1.5.0/swagger-coverage-commons-1.5.0.jar:/Users/serhiipolishevskyi/.m2/repository/io/swagger/core/v3/swagger-core/2.1.10/swagger-core-2.1.10.jar:/Users/serhiipolishevskyi/.m2/repository/jakarta/xml/bind/jakarta.xml.bind-api/2.3.2/jakarta.xml.bind-api-2.3.2.jar:/Users/serhiipolishevskyi/.m2/repository/jakarta/activation/jakarta.activation-api/1.2.1/jakarta.activation-api-1.2.1.jar:/Users/serhiipolishevskyi/.m2/repository/com/fasterxml/jackson/datatype/jackson-datatype-jsr310/2.12.1/jackson-datatype-jsr310-2.12.1.jar:/Users/serhiipolishevskyi/.m2/repository/io/swagger/core/v3/swagger-annotations/2.1.10/swagger-annotations-2.1.10.jar:/Users/serhiipolishevskyi/.m2/repository/jakarta/validation/jakarta.validation-api/2.0.2/jakarta.validation-api-2.0.2.jar:/Users/serhiipolishevskyi/.m2/repository/ch/qos/logback/logback-classic/1.2.10/logback-classic-1.2.10.jar:/Users/serhiipolishevskyi/.m2/repository/ch/qos/logback/logback-core/1.2.10/logback-core-1.2.10.jar:/Users/serhiipolishevskyi/.m2/repository/com/fasterxml/jackson/dataformat/jackson-dataformat-yaml/2.10.1/jackson-dataformat-yaml-2.10.1.jar:/Users/serhiipolishevskyi/.m2/repository/org/yaml/snakeyaml/1.24/snakeyaml-1.24.jar:/Users/serhiipolishevskyi/.m2/repository/io/swagger/swagger-models/1.6.2/swagger-models-1.6.2.jar:/Users/serhiipolishevskyi/.m2/repository/io/swagger/swagger-annotations/1.6.2/swagger-annotations-1.6.2.jar:/Users/serhiipolishevskyi/.m2/repository/io/swagger/core/v3/swagger-models/2.1.10/swagger-models-2.1.10.jar:"/>
    <property name="java.vm.vendor" value="Amazon.com Inc."/>
    <property name="sun.arch.data.model" value="64"/>
    <property name="java.vendor.url" value="https://aws.amazon.com/corretto/"/>
    <property name="user.timezone" value="Europe/Kiev"/>
    <property name="os.name" value="Mac OS X"/>
    <property name="java.vm.specification.version" value="21"/>
    <property name="sun.java.launcher" value="SUN_STANDARD"/>
    <property name="user.country" value="US"/>
    <property name="sun.boot.library.path" value="/Users/serhiipolishevskyi/.sdkman/candidates/java/21.0.4-amzn/lib"/>
    <property name="sun.java.command" value="/Users/serhiipolishevskyi/IdeaProjects/nbank/target/surefire/surefirebooter-20250807205334487_3.jar /Users/serhiipolishevskyi/IdeaProjects/nbank/target/surefire 2025-08-07T20-53-34_451-jvmRun1 surefire-20250807205334487_1tmp surefire_0-20250807205334487_2tmp"/>
    <property name="http.nonProxyHosts" value="local|*.local|169.254/16|*.169.254/16"/>
    <property name="jdk.debug" value="release"/>
    <property name="surefire.test.class.path" value="/Users/serhiipolishevskyi/IdeaProjects/nbank/target/test-classes:/Users/serhiipolishevskyi/IdeaProjects/nbank/target/classes:/Users/serhiipolishevskyi/.m2/repository/io/rest-assured/rest-assured/5.5.1/rest-assured-5.5.1.jar:/Users/serhiipolishevskyi/.m2/repository/org/apache/groovy/groovy/4.0.22/groovy-4.0.22.jar:/Users/serhiipolishevskyi/.m2/repository/org/apache/groovy/groovy-xml/4.0.22/groovy-xml-4.0.22.jar:/Users/serhiipolishevskyi/.m2/repository/org/apache/httpcomponents/httpclient/4.5.13/httpclient-4.5.13.jar:/Users/serhiipolishevskyi/.m2/repository/org/apache/httpcomponents/httpcore/4.4.13/httpcore-4.4.13.jar:/Users/serhiipolishevskyi/.m2/repository/commons-logging/commons-logging/1.2/commons-logging-1.2.jar:/Users/serhiipolishevskyi/.m2/repository/commons-codec/commons-codec/1.11/commons-codec-1.11.jar:/Users/serhiipolishevskyi/.m2/repository/org/apache/httpcomponents/httpmime/4.5.13/httpmime-4.5.13.jar:/Users/serhiipolishevskyi/.m2/repository/org/hamcrest/hamcrest/2.2/hamcrest-2.2.jar:/Users/serhiipolishevskyi/.m2/repository/org/ccil/cowan/tagsoup/tagsoup/1.2.1/tagsoup-1.2.1.jar:/Users/serhiipolishevskyi/.m2/repository/io/rest-assured/json-path/5.5.1/json-path-5.5.1.jar:/Users/serhiipolishevskyi/.m2/repository/org/apache/groovy/groovy-json/4.0.22/groovy-json-4.0.22.jar:/Users/serhiipolishevskyi/.m2/repository/io/rest-assured/rest-assured-common/5.5.1/rest-assured-common-5.5.1.jar:/Users/serhiipolishevskyi/.m2/repository/io/rest-assured/xml-path/5.5.1/xml-path-5.5.1.jar:/Users/serhiipolishevskyi/.m2/repository/org/junit/jupiter/junit-jupiter/5.10.2/junit-jupiter-5.10.2.jar:/Users/serhiipolishevskyi/.m2/repository/org/junit/jupiter/junit-jupiter-api/5.10.2/junit-jupiter-api-5.10.2.jar:/Users/serhiipolishevskyi/.m2/repository/org/opentest4j/opentest4j/1.3.0/opentest4j-1.3.0.jar:/Users/serhiipolishevskyi/.m2/repository/org/junit/jupiter/junit-jupiter-engine/5.10.2/junit-jupiter-engine-5.10.2.jar:/Users/serhiipolishevskyi/.m2/repository/org/junit/platform/junit-platform-engine/1.10.2/junit-platform-engine-1.10.2.jar:/Users/serhiipolishevskyi/.m2/repository/org/apiguardian/apiguardian-api/1.1.2/apiguardian-api-1.1.2.jar:/Users/serhiipolishevskyi/.m2/repository/org/junit/platform/junit-platform-launcher/1.10.2/junit-platform-launcher-1.10.2.jar:/Users/serhiipolishevskyi/.m2/repository/org/projectlombok/lombok/1.18.38/lombok-1.18.38.jar:/Users/serhiipolishevskyi/.m2/repository/org/junit/jupiter/junit-jupiter-params/5.10.2/junit-jupiter-params-5.10.2.jar:/Users/serhiipolishevskyi/.m2/repository/org/junit/platform/junit-platform-commons/1.10.2/junit-platform-commons-1.10.2.jar:/Users/serhiipolishevskyi/.m2/repository/com/fasterxml/jackson/core/jackson-databind/2.19.0/jackson-databind-2.19.0.jar:/Users/serhiipolishevskyi/.m2/repository/com/fasterxml/jackson/core/jackson-annotations/2.19.0/jackson-annotations-2.19.0.jar:/Users/serhiipolishevskyi/.m2/repository/com/fasterxml/jackson/core/jackson-core/2.19.0/jackson-core-2.19.0.jar:/Users/serhiipolishevskyi/.m2/repository/org/assertj/assertj-core/3.27.3/assertj-core-3.27.3.jar:/Users/serhiipolishevskyi/.m2/repository/net/bytebuddy/byte-buddy/1.15.11/byte-buddy-1.15.11.jar:/Users/serhiipolishevskyi/.m2/repository/com/github/curious-odd-man/rgxgen/1.3/rgxgen-1.3.jar:/Users/serhiipolishevskyi/.m2/repository/com/codeborne/selenide/7.9.1/selenide-7.9.1.jar:/Users/serhiipolishevskyi/.m2/repository/org/seleniumhq/selenium/selenium-java/4.31.0/selenium-java-4.31.0.jar:/Users/serhiipolishevskyi/.m2/repository/org/seleniumhq/selenium/selenium-api/4.31.0/selenium-api-4.31.0.jar:/Users/serhiipolishevskyi/.m2/repository/org/seleniumhq/selenium/selenium-chrome-driver/4.31.0/selenium-chrome-driver-4.31.0.jar:/Users/serhiipolishevskyi/.m2/repository/com/google/auto/service/auto-service-annotations/1.1.1/auto-service-annotations-1.1.1.jar:/Users/serhiipolishevskyi/.m2/repository/org/seleniumhq/selenium/selenium-chromium-driver/4.31.0/selenium-chromium-driver-4.31.0.jar:/Users/serhiipolishevskyi/.m2/repository/org/seleniumhq/selenium/selenium-json/4.31.0/selenium-json-4.31.0.jar:/Users/serhiipolishevskyi/.m2/repository/org/seleniumhq/selenium/selenium-manager/4.31.0/selenium-manager-4.31.0.jar:/Users/serhiipolishevskyi/.m2/repository/org/seleniumhq/selenium/selenium-devtools-v133/4.31.0/selenium-devtools-v133-4.31.0.jar:/Users/serhiipolishevskyi/.m2/repository/org/seleniumhq/selenium/selenium-devtools-v134/4.31.0/selenium-devtools-v134-4.31.0.jar:/Users/serhiipolishevskyi/.m2/repository/org/seleniumhq/selenium/selenium-devtools-v135/4.31.0/selenium-devtools-v135-4.31.0.jar:/Users/serhiipolishevskyi/.m2/repository/org/seleniumhq/selenium/selenium-edge-driver/4.31.0/selenium-edge-driver-4.31.0.jar:/Users/serhiipolishevskyi/.m2/repository/org/seleniumhq/selenium/selenium-firefox-driver/4.31.0/selenium-firefox-driver-4.31.0.jar:/Users/serhiipolishevskyi/.m2/repository/org/seleniumhq/selenium/selenium-http/4.31.0/selenium-http-4.31.0.jar:/Users/serhiipolishevskyi/.m2/repository/org/seleniumhq/selenium/selenium-ie-driver/4.31.0/selenium-ie-driver-4.31.0.jar:/Users/serhiipolishevskyi/.m2/repository/org/seleniumhq/selenium/selenium-remote-driver/4.31.0/selenium-remote-driver-4.31.0.jar:/Users/serhiipolishevskyi/.m2/repository/io/opentelemetry/opentelemetry-api/1.48.0/opentelemetry-api-1.48.0.jar:/Users/serhiipolishevskyi/.m2/repository/io/opentelemetry/opentelemetry-context/1.48.0/opentelemetry-context-1.48.0.jar:/Users/serhiipolishevskyi/.m2/repository/io/opentelemetry/opentelemetry-exporter-logging/1.48.0/opentelemetry-exporter-logging-1.48.0.jar:/Users/serhiipolishevskyi/.m2/repository/io/opentelemetry/opentelemetry-sdk-common/1.48.0/opentelemetry-sdk-common-1.48.0.jar:/Users/serhiipolishevskyi/.m2/repository/io/opentelemetry/opentelemetry-sdk-extension-autoconfigure-spi/1.48.0/opentelemetry-sdk-extension-autoconfigure-spi-1.48.0.jar:/Users/serhiipolishevskyi/.m2/repository/io/opentelemetry/opentelemetry-sdk-extension-autoconfigure/1.48.0/opentelemetry-sdk-extension-autoconfigure-1.48.0.jar:/Users/serhiipolishevskyi/.m2/repository/io/opentelemetry/opentelemetry-sdk-trace/1.48.0/opentelemetry-sdk-trace-1.48.0.jar:/Users/serhiipolishevskyi/.m2/repository/io/opentelemetry/opentelemetry-sdk/1.48.0/opentelemetry-sdk-1.48.0.jar:/Users/serhiipolishevskyi/.m2/repository/io/opentelemetry/opentelemetry-sdk-metrics/1.48.0/opentelemetry-sdk-metrics-1.48.0.jar:/Users/serhiipolishevskyi/.m2/repository/io/opentelemetry/opentelemetry-sdk-logs/1.48.0/opentelemetry-sdk-logs-1.48.0.jar:/Users/serhiipolishevskyi/.m2/repository/org/seleniumhq/selenium/selenium-os/4.31.0/selenium-os-4.31.0.jar:/Users/serhiipolishevskyi/.m2/repository/org/apache/commons/commons-exec/1.4.0/commons-exec-1.4.0.jar:/Users/serhiipolishevskyi/.m2/repository/org/seleniumhq/selenium/selenium-safari-driver/4.31.0/selenium-safari-driver-4.31.0.jar:/Users/serhiipolishevskyi/.m2/repository/org/seleniumhq/selenium/selenium-support/4.31.0/selenium-support-4.31.0.jar:/Users/serhiipolishevskyi/.m2/repository/org/slf4j/slf4j-api/2.0.17/slf4j-api-2.0.17.jar:/Users/serhiipolishevskyi/.m2/repository/com/codeborne/selenide-core/7.9.1/selenide-core-7.9.1.jar:/Users/serhiipolishevskyi/.m2/repository/org/apache/httpcomponents/client5/httpclient5/5.4.3/httpclient5-5.4.3.jar:/Users/serhiipolishevskyi/.m2/repository/org/apache/httpcomponents/core5/httpcore5/5.3.4/httpcore5-5.3.4.jar:/Users/serhiipolishevskyi/.m2/repository/org/apache/httpcomponents/core5/httpcore5-h2/5.3.4/httpcore5-h2-5.3.4.jar:/Users/serhiipolishevskyi/.m2/repository/com/github/valfirst/browserup-proxy/browserup-proxy-core/3.2.0/browserup-proxy-core-3.2.0.jar:/Users/serhiipolishevskyi/.m2/repository/org/jspecify/jspecify/1.0.0/jspecify-1.0.0.jar:/Users/serhiipolishevskyi/.m2/repository/com/google/errorprone/error_prone_annotations/2.38.0/error_prone_annotations-2.38.0.jar:/Users/serhiipolishevskyi/.m2/repository/org/apache/commons/commons-lang3/3.17.0/commons-lang3-3.17.0.jar:/Users/serhiipolishevskyi/.m2/repository/commons-io/commons-io/2.19.0/commons-io-2.19.0.jar:/Users/serhiipolishevskyi/.m2/repository/com/google/guava/guava/20.0/guava-20.0.jar:/Users/serhiipolishevskyi/.m2/repository/io/qameta/allure/allure-junit5/2.29.1/allure-junit5-2.29.1.jar:/Users/serhiipolishevskyi/.m2/repository/io/qameta/allure/allure-junit-platform/2.29.1/allure-junit-platform-2.29.1.jar:/Users/serhiipolishevskyi/.m2/repository/io/qameta/allure/allure-test-filter/2.29.1/allure-test-filter-2.29.1.jar:/Users/serhiipolishevskyi/.m2/repository/io/qameta/allure/allure-rest-assured/2.29.1/allure-rest-assured-2.29.1.jar:/Users/serhiipolishevskyi/.m2/repository/io/qameta/allure/allure-attachments/2.29.1/allure-attachments-2.29.1.jar:/Users/serhiipolishevskyi/.m2/repository/org/freemarker/freemarker/2.3.33/freemarker-2.3.33.jar:/Users/serhiipolishevskyi/.m2/repository/io/qameta/allure/allure-selenide/2.29.1/allure-selenide-2.29.1.jar:/Users/serhiipolishevskyi/.m2/repository/io/qameta/allure/allure-java-commons/2.29.1/allure-java-commons-2.29.1.jar:/Users/serhiipolishevskyi/.m2/repository/io/qameta/allure/allure-model/2.29.1/allure-model-2.29.1.jar:/Users/serhiipolishevskyi/.m2/repository/io/qameta/allure/allure-assertj/2.29.1/allure-assertj-2.29.1.jar:/Users/serhiipolishevskyi/.m2/repository/com/github/viclovsky/swagger-coverage-rest-assured/1.5.0/swagger-coverage-rest-assured-1.5.0.jar:/Users/serhiipolishevskyi/.m2/repository/com/github/viclovsky/swagger-coverage-commons/1.5.0/swagger-coverage-commons-1.5.0.jar:/Users/serhiipolishevskyi/.m2/repository/io/swagger/core/v3/swagger-core/2.1.10/swagger-core-2.1.10.jar:/Users/serhiipolishevskyi/.m2/repository/jakarta/xml/bind/jakarta.xml.bind-api/2.3.2/jakarta.xml.bind-api-2.3.2.jar:/Users/serhiipolishevskyi/.m2/repository/jakarta/activation/jakarta.activation-api/1.2.1/jakarta.activation-api-1.2.1.jar:/Users/serhiipolishevskyi/.m2/repository/com/fasterxml/jackson/datatype/jackson-datatype-jsr310/2.12.1/jackson-datatype-jsr310-2.12.1.jar:/Users/serhiipolishevskyi/.m2/repository/io/swagger/core/v3/swagger-annotations/2.1.10/swagger-annotations-2.1.10.jar:/Users/serhiipolishevskyi/.m2/repository/jakarta/validation/jakarta.validation-api/2.0.2/jakarta.validation-api-2.0.2.jar:/Users/serhiipolishevskyi/.m2/repository/ch/qos/logback/logback-classic/1.2.10/logback-classic-1.2.10.jar:/Users/serhiipolishevskyi/.m2/repository/ch/qos/logback/logback-core/1.2.10/logback-core-1.2.10.jar:/Users/serhiipolishevskyi/.m2/repository/com/fasterxml/jackson/dataformat/jackson-dataformat-yaml/2.10.1/jackson-dataformat-yaml-2.10.1.jar:/Users/serhiipolishevskyi/.m2/repository/org/yaml/snakeyaml/1.24/snakeyaml-1.24.jar:/Users/serhiipolishevskyi/.m2/repository/io/swagger/swagger-models/1.6.2/swagger-models-1.6.2.jar:/Users/serhiipolishevskyi/.m2/repository/io/swagger/swagger-annotations/1.6.2/swagger-annotations-1.6.2.jar:/Users/serhiipolishevskyi/.m2/repository/io/swagger/core/v3/swagger-models/2.1.10/swagger-models-2.1.10.jar:"/>
    <property name="sun.cpu.endian" value="little"/>
    <property name="user.home" value="/Users/serhiipolishevskyi"/>
    <property name="user.language" value="en"/>
    <property name="java.specification.vendor" value="Oracle Corporation"/>
    <property name="java.version.date" value="2024-07-16"/>
    <property name="java.home" value="/Users/serhiipolishevskyi/.sdkman/candidates/java/21.0.4-amzn"/>
    <property name="file.separator" value="/"/>
    <property name="basedir" value="/Users/serhiipolishevskyi/IdeaProjects/nbank"/>
    <property name="java.vm.compressedOopsMode" value="Zero based"/>
    <property name="line.separator" value="&#10;"/>
    <property name="java.vm.specification.vendor" value="Oracle Corporation"/>
    <property name="java.specification.name" value="Java Platform API Specification"/>
    <property name="apple.awt.application.name" value="ForkedBooter"/>
    <property name="surefire.real.class.path" value="/Users/serhiipolishevskyi/IdeaProjects/nbank/target/surefire/surefirebooter-20250807205334487_3.jar"/>
    <property name="sun.management.compiler" value="HotSpot 64-Bit Tiered Compilers"/>
    <property name="ftp.nonProxyHosts" value="local|*.local|169.254/16|*.169.254/16"/>
    <property name="java.runtime.version" value="21.0.4+7-LTS"/>
    <property name="user.name" value="serhiipolishevskyi"/>
    <property name="stdout.encoding" value="UTF-8"/>
    <property name="path.separator" value=":"/>
    <property name="os.version" value="15.5"/>
    <property name="java.runtime.name" value="OpenJDK Runtime Environment"/>
    <property name="file.encoding" value="UTF-8"/>
    <property name="java.vm.name" value="OpenJDK 64-Bit Server VM"/>
    <property name="java.vendor.version" value="Corretto-21.0.4.7.1"/>
    <property name="localRepository" value="/Users/serhiipolishevskyi/.m2/repository"/>
    <property name="java.vendor.url.bug" value="https://github.com/corretto/corretto-21/issues/"/>
    <property name="java.io.tmpdir" value="/var/folders/ty/27k9ks3n5m9fbh_j5z92c8zc0000gn/T/"/>
    <property name="java.version" value="21.0.4"/>
    <property name="user.dir" value="/Users/serhiipolishevskyi/IdeaProjects/nbank"/>
    <property name="os.arch" value="aarch64"/>
    <property name="java.vm.specification.name" value="Java Virtual Machine Specification"/>
    <property name="native.encoding" value="UTF-8"/>
    <property name="java.library.path" value="/Users/serhiipolishevskyi/Library/Java/Extensions:/Library/Java/Extensions:/Network/Library/Java/Extensions:/System/Library/Java/Extensions:/usr/lib/java:."/>
    <property name="java.vm.info" value="mixed mode, sharing"/>
    <property name="stderr.encoding" value="UTF-8"/>
    <property name="java.vendor" value="Amazon.com Inc."/>
    <property name="java.vm.version" value="21.0.4+7-LTS"/>
    <property name="sun.io.unicode.encoding" value="UnicodeBig"/>
    <property name="socksNonProxyHosts" value="local|*.local|169.254/16|*.169.254/16"/>
    <property name="java.class.version" value="65.0"/>
  </properties>
  <testcase name="userCanAddDepositWithCorrectDataTest(float, CreateUserRequestModel)[2]" classname="api.DepositUserTest" time="0.666">
    <system-out><![CDATA[HTTP/1.1 201 
Vary: Origin
Vary: Access-Control-Request-Method
Vary: Access-Control-Request-Headers
X-Content-Type-Options: nosniff
X-XSS-Protection: 0
Cache-Control: no-cache, no-store, max-age=0, must-revalidate
Pragma: no-cache
Expires: 0
X-Frame-Options: DENY
Content-Type: application/json
Transfer-Encoding: chunked
Date: Thu, 07 Aug 2025 17:53:38 GMT
Keep-Alive: timeout=60
Connection: keep-alive

{
    "id": 142,
    "accountNumber": "ACC142",
    "balance": 0.0,
    "transactions": [
        
    ]
}
Request method:	POST
Request URI:	http://localhost:4111/api/v1/accounts/deposit
Proxy:			<none>
Request params:	<none>
Query params:	<none>
Form params:	<none>
Path params:	<none>
Headers:		Accept=application/json, application/javascript, text/javascript, text/json
				Authorization=Basic bjNYdEZMQ3pFMnoyOkNKTHVsbHU4OTYkJQ==
				Content-Type=application/json
Cookies:		<none>
Multiparts:		<none>
Body:
{
    "id": 142,
    "balance": 5000.0
}
HTTP/1.1 200 
Vary: Origin
Vary: Access-Control-Request-Method
Vary: Access-Control-Request-Headers
X-Content-Type-Options: nosniff
X-XSS-Protection: 0
Cache-Control: no-cache, no-store, max-age=0, must-revalidate
Pragma: no-cache
Expires: 0
X-Frame-Options: DENY
Content-Type: application/json
Transfer-Encoding: chunked
Date: Thu, 07 Aug 2025 17:53:38 GMT
Keep-Alive: timeout=60
Connection: keep-alive

{
    "id": 142,
    "accountNumber": "ACC142",
    "balance": 5000.0,
    "transactions": [
        {
            "id": 79,
            "amount": 5000.0,
            "type": "DEPOSIT",
            "timestamp": "Thu Aug 07 17:53:39 UTC 2025",
            "relatedAccountId": 142
        }
    ]
}
Request method:	DELETE
Request URI:	http://localhost:4111/api/v1/admin/users/215
Proxy:			<none>
Request params:	<none>
Query params:	<none>
Form params:	<none>
Path params:	<none>
Headers:		Accept=application/json, application/javascript, text/javascript, text/json
				Authorization=Basic YWRtaW46YWRtaW4=
				Content-Type=application/json
Cookies:		<none>
Multiparts:		<none>
Body:			<none>
HTTP/1.1 200 
Vary: Origin
Vary: Access-Control-Request-Method
Vary: Access-Control-Request-Headers
X-Content-Type-Options: nosniff
X-XSS-Protection: 0
Cache-Control: no-cache, no-store, max-age=0, must-revalidate
Pragma: no-cache
Expires: 0
X-Frame-Options: DENY
Content-Type: application/json
Content-Length: 38
Date: Thu, 07 Aug 2025 17:53:38 GMT
Keep-Alive: timeout=60
Connection: keep-alive

User with ID 215 deleted successfully.
]]></system-out>
  </testcase>
  <testcase name="userCanAddDepositWithCorrectDataTest(float, CreateUserRequestModel)[3]" classname="api.DepositUserTest" time="0.438">
    <system-out><![CDATA[Request method:	POST
Request URI:	http://localhost:4111/api/v1/admin/users
Proxy:			<none>
Request params:	<none>
Query params:	<none>
Form params:	<none>
Path params:	<none>
Headers:		Accept=application/json, application/javascript, text/javascript, text/json
				Authorization=Basic YWRtaW46YWRtaW4=
				Content-Type=application/json
Cookies:		<none>
Multiparts:		<none>
Body:
{
    "username": "m2EgyfPT",
    "password": "FKYjdrm464%$",
    "role": "USER"
}
HTTP/1.1 201 
Vary: Origin
Vary: Access-Control-Request-Method
Vary: Access-Control-Request-Headers
Authorization: Basic bTJFZ3lmUFQ6RktZamRybTQ2NCUk
X-Content-Type-Options: nosniff
X-XSS-Protection: 0
Cache-Control: no-cache, no-store, max-age=0, must-revalidate
Pragma: no-cache
Expires: 0
X-Frame-Options: DENY
Content-Type: application/json
Transfer-Encoding: chunked
Date: Thu, 07 Aug 2025 17:53:38 GMT
Keep-Alive: timeout=60
Connection: keep-alive

{
    "id": 217,
    "username": "m2EgyfPT",
    "password": "$2a$10$Tb84OPwyCmxOi/8E7V4Un.WKf93XRkrUOzkFMqcva6xmJGNrSnxrS",
    "name": null,
    "role": "USER",
    "accounts": [
        
    ]
}
Request method:	POST
Request URI:	http://localhost:4111/api/v1/auth/login
Proxy:			<none>
Request params:	<none>
Query params:	<none>
Form params:	<none>
Path params:	<none>
Headers:		Accept=application/json, application/javascript, text/javascript, text/json
				Content-Type=application/json
Cookies:		<none>
Multiparts:		<none>
Body:
{
    "username": "m2EgyfPT",
    "password": "FKYjdrm464%$"
}
HTTP/1.1 200 
Vary: Origin
Vary: Access-Control-Request-Method
Vary: Access-Control-Request-Headers
Authorization: Basic bTJFZ3lmUFQ6RktZamRybTQ2NCUk
X-Content-Type-Options: nosniff
X-XSS-Protection: 0
Cache-Control: no-cache, no-store, max-age=0, must-revalidate
Pragma: no-cache
Expires: 0
X-Frame-Options: DENY
Content-Type: application/json
Transfer-Encoding: chunked
Date: Thu, 07 Aug 2025 17:53:38 GMT
Keep-Alive: timeout=60
Connection: keep-alive

{
    "role": "USER",
    "username": "m2EgyfPT"
}
Request method:	POST
Request URI:	http://localhost:4111/api/v1/accounts
Proxy:			<none>
Request params:	<none>
Query params:	<none>
Form params:	<none>
Path params:	<none>
Headers:		Accept=application/json, application/javascript, text/javascript, text/json
				Authorization=Basic bTJFZ3lmUFQ6RktZamRybTQ2NCUk
				Content-Type=application/json
Cookies:		<none>
Multiparts:		<none>
Body:
HTTP/1.1 201 
Vary: Origin
Vary: Access-Control-Request-Method
Vary: Access-Control-Request-Headers
X-Content-Type-Options: nosniff
X-XSS-Protection: 0
Cache-Control: no-cache, no-store, max-age=0, must-revalidate
Pragma: no-cache
Expires: 0
X-Frame-Options: DENY
Content-Type: application/json
Transfer-Encoding: chunked
Date: Thu, 07 Aug 2025 17:53:39 GMT
Keep-Alive: timeout=60
Connection: keep-alive

{
    "id": 143,
    "accountNumber": "ACC143",
    "balance": 0.0,
    "transactions": [
        
    ]
}
Request method:	POST
Request URI:	http://localhost:4111/api/v1/accounts/deposit
Proxy:			<none>
Request params:	<none>
Query params:	<none>
Form params:	<none>
Path params:	<none>
Headers:		Accept=application/json, application/javascript, text/javascript, text/json
				Authorization=Basic bTJFZ3lmUFQ6RktZamRybTQ2NCUk
				Content-Type=application/json
Cookies:		<none>
Multiparts:		<none>
Body:
{
    "id": 143,
    "balance": 50.5
}
HTTP/1.1 200 
Vary: Origin
Vary: Access-Control-Request-Method
Vary: Access-Control-Request-Headers
X-Content-Type-Options: nosniff
X-XSS-Protection: 0
Cache-Control: no-cache, no-store, max-age=0, must-revalidate
Pragma: no-cache
Expires: 0
X-Frame-Options: DENY
Content-Type: application/json
Transfer-Encoding: chunked
Date: Thu, 07 Aug 2025 17:53:39 GMT
Keep-Alive: timeout=60
Connection: keep-alive

{
    "id": 143,
    "accountNumber": "ACC143",
    "balance": 50.5,
    "transactions": [
        {
            "id": 80,
            "amount": 50.5,
            "type": "DEPOSIT",
            "timestamp": "Thu Aug 07 17:53:39 UTC 2025",
            "relatedAccountId": 143
        }
    ]
}
Request method:	DELETE
Request URI:	http://localhost:4111/api/v1/admin/users/217
Proxy:			<none>
Request params:	<none>
Query params:	<none>
Form params:	<none>
Path params:	<none>
Headers:		Accept=application/json, application/javascript, text/javascript, text/json
				Authorization=Basic YWRtaW46YWRtaW4=
				Content-Type=application/json
Cookies:		<none>
Multiparts:		<none>
Body:			<none>
HTTP/1.1 200 
Vary: Origin
Vary: Access-Control-Request-Method
Vary: Access-Control-Request-Headers
X-Content-Type-Options: nosniff
X-XSS-Protection: 0
Cache-Control: no-cache, no-store, max-age=0, must-revalidate
Pragma: no-cache
Expires: 0
X-Frame-Options: DENY
Content-Type: application/json
Content-Length: 38
Date: Thu, 07 Aug 2025 17:53:39 GMT
Keep-Alive: timeout=60
Connection: keep-alive

User with ID 217 deleted successfully.
]]></system-out>
  </testcase>
  <testcase name="adminCanLoginWithCorrectDataTest" classname="ui.LoginUserTest" time="15.534">
    <system-out><![CDATA[Request method:	POST
Request URI:	http://localhost:4111/api/v1/admin/users
Proxy:			<none>
Request params:	<none>
Query params:	<none>
Form params:	<none>
Path params:	<none>
Headers:		Accept=application/json, application/javascript, text/javascript, text/json
				Authorization=Basic YWRtaW46YWRtaW4=
				Content-Type=application/json
Cookies:		<none>
Multiparts:		<none>
Body:
{
    "username": "WX1AyOD",
    "password": "LLMphkm011%&",
    "role": "USER"
}
HTTP/1.1 201 
Vary: Origin
Vary: Access-Control-Request-Method
Vary: Access-Control-Request-Headers
Authorization: Basic V1gxQXlPRDpMTE1waGttMDExJSY=
X-Content-Type-Options: nosniff
X-XSS-Protection: 0
Cache-Control: no-cache, no-store, max-age=0, must-revalidate
Pragma: no-cache
Expires: 0
X-Frame-Options: DENY
Content-Type: application/json
Transfer-Encoding: chunked
Date: Thu, 07 Aug 2025 17:53:39 GMT
Keep-Alive: timeout=60
Connection: keep-alive

{
    "id": 218,
    "username": "WX1AyOD",
    "password": "$2a$10$WUrNGWLeaA2rU7beRNI9GeBoJQ.nAYVu9rnDWWgHf4briAzekM51C",
    "name": null,
    "role": "USER",
    "accounts": [
        
    ]
}
Request method:	POST
Request URI:	http://localhost:4111/api/v1/admin/users
Proxy:			<none>
Request params:	<none>
Query params:	<none>
Form params:	<none>
Path params:	<none>
Headers:		Accept=application/json, application/javascript, text/javascript, text/json
				Authorization=Basic YWRtaW46YWRtaW4=
				Content-Type=application/json
Cookies:		<none>
Multiparts:		<none>
Body:
{
    "username": "eFdoo7SZ4JG4R",
    "password": "YLKfpfq595&&",
    "role": "USER"
}
Request method:	POST
Request URI:	http://localhost:4111/api/v1/admin/users
Proxy:			<none>
Request params:	<none>
Query params:	<none>
Form params:	<none>
Path params:	<none>
Headers:		Accept=application/json, application/javascript, text/javascript, text/json
				Authorization=Basic YWRtaW46YWRtaW4=
				Content-Type=application/json
Cookies:		<none>
Multiparts:		<none>
Body:
{
    "username": "dQuB",
    "password": "RUYesyk749%$",
    "role": "USER"
}
Request method:	POST
Request URI:	http://localhost:4111/api/v1/admin/users
Proxy:			<none>
Request params:	<none>
Query params:	<none>
Form params:	<none>
Path params:	<none>
Headers:		Accept=application/json, application/javascript, text/javascript, text/json
				Authorization=Basic YWRtaW46YWRtaW4=
				Content-Type=application/json
Cookies:		<none>
Multiparts:		<none>
Body:
{
    "username": "Vd6JdD6uDqTwj",
    "password": "PCBllwx153$%",
    "role": "USER"
}
Request method:	POST
Request URI:	http://localhost:4111/api/v1/admin/users
Proxy:			<none>
Request params:	<none>
Query params:	<none>
Form params:	<none>
Path params:	<none>
Headers:		Accept=application/json, application/javascript, text/javascript, text/json
				Authorization=Basic YWRtaW46YWRtaW4=
				Content-Type=application/json
Cookies:		<none>
Multiparts:		<none>
Body:
{
    "username": "cf5y",
    "password": "LIQtthk095$%",
    "role": "USER"
}
Request method:	POST
Request URI:	http://localhost:4111/api/v1/admin/users
Proxy:			<none>
Request params:	<none>
Query params:	<none>
Form params:	<none>
Path params:	<none>
Headers:		Accept=application/json, application/javascript, text/javascript, text/json
				Authorization=Basic YWRtaW46YWRtaW4=
				Content-Type=application/json
Cookies:		<none>
Multiparts:		<none>
Body:
{
    "username": "gMozA",
    "password": "UETkgig047%$",
    "role": "USER"
}
Request method:	POST
Request URI:	http://localhost:4111/api/v1/admin/users
Proxy:			<none>
Request params:	<none>
Query params:	<none>
Form params:	<none>
Path params:	<none>
Headers:		Accept=application/json, application/javascript, text/javascript, text/json
				Authorization=Basic YWRtaW46YWRtaW4=
				Content-Type=application/json
Cookies:		<none>
Multiparts:		<none>
Body:
{
    "username": "1Y1f04d9K",
    "password": "MCPoccf521%$",
    "role": "USER"
}
Request method:	POST
Request URI:	http://localhost:4111/api/v1/admin/users
Proxy:			<none>
Request params:	<none>
Query params:	<none>
Form params:	<none>
Path params:	<none>
Headers:		Accept=application/json, application/javascript, text/javascript, text/json
				Authorization=Basic YWRtaW46YWRtaW4=
				Content-Type=application/json
Cookies:		<none>
Multiparts:		<none>
Body:
{
    "username": "vxDglngYn4",
    "password": "JVKdtdq469%&",
    "role": "USER"
}
Request method:	POST
Request URI:	http://localhost:4111/api/v1/admin/users
Proxy:			<none>
Request params:	<none>
Query params:	<none>
Form params:	<none>
Path params:	<none>
Headers:		Accept=application/json, application/javascript, text/javascript, text/json
				Authorization=Basic YWRtaW46YWRtaW4=
				Content-Type=application/json
Cookies:		<none>
Multiparts:		<none>
Body:
{
    "username": "austVNlZH",
    "password": "FRGghps015$$",
    "role": "USER"
}
Request method:	POST
Request URI:	http://localhost:4111/api/v1/admin/users
Proxy:			<none>
Request params:	<none>
Query params:	<none>
Form params:	<none>
Path params:	<none>
Headers:		Accept=application/json, application/javascript, text/javascript, text/json
				Authorization=Basic YWRtaW46YWRtaW4=
				Content-Type=application/json
Cookies:		<none>
Multiparts:		<none>
Body:
{
    "username": "Qb3jU0DM5Mj",
    "password": "NWMyhdr520%%",
    "role": "USER"
}
Request method:	POST
Request URI:	http://localhost:4111/api/v1/admin/users
Proxy:			<none>
Request params:	<none>
Query params:	<none>
Form params:	<none>
Path params:	<none>
Headers:		Accept=application/json, application/javascript, text/javascript, text/json
				Authorization=Basic YWRtaW46YWRtaW4=
				Content-Type=application/json
Cookies:		<none>
Multiparts:		<none>
Body:
{
    "username": "3ROoAx3cp3pU93",
    "password": "XXWvztw450$$",
    "role": "USER"
}
HTTP/1.1 201 
Vary: Origin
Vary: Access-Control-Request-Method
Vary: Access-Control-Request-Headers
Authorization: Basic ZFF1QjpSVVllc3lrNzQ5JSQ=
X-Content-Type-Options: nosniff
X-XSS-Protection: 0
Cache-Control: no-cache, no-store, max-age=0, must-revalidate
Pragma: no-cache
Expires: 0
X-Frame-Options: DENY
Content-Type: application/json
Transfer-Encoding: chunked
Date: Thu, 07 Aug 2025 17:53:43 GMT
Keep-Alive: timeout=60
Connection: keep-alive

{
    "id": 219,
    "username": "dQuB",
    "password": "$2a$10$i8LGuwERHNWx7qHD22l1ze5ISX4P7bDEt1WWlp9gOhr/rksAkaIrO",
    "name": null,
    "role": "USER",
    "accounts": [
        
    ]
}
HTTP/1.1 201 
Vary: Origin
Vary: Access-Control-Request-Method
Vary: Access-Control-Request-Headers
Authorization: Basic ZUZkb283U1o0Skc0UjpZTEtmcGZxNTk1JiY=
X-Content-Type-Options: nosniff
X-XSS-Protection: 0
Cache-Control: no-cache, no-store, max-age=0, must-revalidate
Pragma: no-cache
Expires: 0
X-Frame-Options: DENY
Content-Type: application/json
Transfer-Encoding: chunked
Date: Thu, 07 Aug 2025 17:53:43 GMT
Keep-Alive: timeout=60
Connection: keep-alive

{
    "id": 220,
    "username": "eFdoo7SZ4JG4R",
    "password": "$2a$10$dRZgu9HXHYhzagElz8C7S.BTDrxj6RdmRG/Q56L.t51os1AanzndG",
    "name": null,
    "role": "USER",
    "accounts": [
        
    ]
}
HTTP/1.1 201 
Vary: Origin
Vary: Access-Control-Request-Method
Vary: Access-Control-Request-Headers
Authorization: Basic Y2Y1eTpMSVF0dGhrMDk1JCU=
X-Content-Type-Options: nosniff
X-XSS-Protection: 0
Cache-Control: no-cache, no-store, max-age=0, must-revalidate
Pragma: no-cache
Expires: 0
X-Frame-Options: DENY
Content-Type: application/json
Transfer-Encoding: chunked
Date: Thu, 07 Aug 2025 17:53:43 GMT
Keep-Alive: timeout=60
Connection: keep-alive

{
    "id": 221,
    "username": "cf5y",
    "password": "$2a$10$UxI6ZH1oduPdfsnKH7.k9uCGc3HdDfNxg0rH6JEKk5D2eq8.aifv6",
    "name": null,
    "role": "USER",
    "accounts": [
        
    ]
}
HTTP/1.1 201 
Vary: Origin
Vary: Access-Control-Request-Method
Vary: Access-Control-Request-Headers
Authorization: Basic VmQ2SmRENnVEcVR3ajpQQ0JsbHd4MTUzJCU=
X-Content-Type-Options: nosniff
X-XSS-Protection: 0
Cache-Control: no-cache, no-store, max-age=0, must-revalidate
Pragma: no-cache
Expires: 0
X-Frame-Options: DENY
Content-Type: application/json
Transfer-Encoding: chunked
Date: Thu, 07 Aug 2025 17:53:43 GMT
Keep-Alive: timeout=60
Connection: keep-alive

{
    "id": 222,
    "username": "Vd6JdD6uDqTwj",
    "password": "$2a$10$SuWkKMkwmaoNpQCa9kx6weBVTSnIfb8quigqAut6Ip1m8Q8M.cec.",
    "name": null,
    "role": "USER",
    "accounts": [
        
    ]
}
HTTP/1.1 201 
Vary: Origin
Vary: Access-Control-Request-Method
Vary: Access-Control-Request-Headers
Authorization: Basic Z01vekE6VUVUa2dpZzA0NyUk
X-Content-Type-Options: nosniff
X-XSS-Protection: 0
Cache-Control: no-cache, no-store, max-age=0, must-revalidate
Pragma: no-cache
Expires: 0
X-Frame-Options: DENY
Content-Type: application/json
Transfer-Encoding: chunked
Date: Thu, 07 Aug 2025 17:53:43 GMT
Keep-Alive: timeout=60
Connection: keep-alive

{
    "id": 223,
    "username": "gMozA",
    "password": "$2a$10$/OZyQ1SugUELphhugGQ6buIzE80gWPrZuhFx/YxXxm8zqvrdL8EKC",
    "name": null,
    "role": "USER",
    "accounts": [
        
    ]
}
HTTP/1.1 201 
Vary: Origin
Vary: Access-Control-Request-Method
Vary: Access-Control-Request-Headers
Authorization: Basic MVkxZjA0ZDlLOk1DUG9jY2Y1MjElJA==
X-Content-Type-Options: nosniff
X-XSS-Protection: 0
Cache-Control: no-cache, no-store, max-age=0, must-revalidate
Pragma: no-cache
Expires: 0
X-Frame-Options: DENY
Content-Type: application/json
Transfer-Encoding: chunked
Date: Thu, 07 Aug 2025 17:53:43 GMT
Keep-Alive: timeout=60
Connection: keep-alive

{
    "id": 224,
    "username": "1Y1f04d9K",
    "password": "$2a$10$Fv3ggYKY6iiD7iESLU37NuPMKonXFmzQre55I3X9AgBh9QuCjGPsS",
    "name": null,
    "role": "USER",
    "accounts": [
        
    ]
}
HTTP/1.1 201 
Vary: Origin
Vary: Access-Control-Request-Method
Vary: Access-Control-Request-Headers
Authorization: Basic M1JPb0F4M2NwM3BVOTM6WFhXdnp0dzQ1MCQk
X-Content-Type-Options: nosniff
X-XSS-Protection: 0
Cache-Control: no-cache, no-store, max-age=0, must-revalidate
Pragma: no-cache
Expires: 0
X-Frame-Options: DENY
Content-Type: application/json
Transfer-Encoding: chunked
Date: Thu, 07 Aug 2025 17:53:43 GMT
Keep-Alive: timeout=60
Connection: keep-alive

{
    "id": 225,
    "username": "3ROoAx3cp3pU93",
    "password": "$2a$10$VE8rrLdEKd7dfXOlJ7Pup.a6ErLfTHkfuuYOJts3SgpKXyrYKN/Uu",
    "name": null,
    "role": "USER",
    "accounts": [
        
    ]
}
HTTP/1.1 201 
Vary: Origin
Vary: Access-Control-Request-Method
Vary: Access-Control-Request-Headers
Authorization: Basic dnhEZ2xuZ1luNDpKVktkdGRxNDY5JSY=
X-Content-Type-Options: nosniff
X-XSS-Protection: 0
Cache-Control: no-cache, no-store, max-age=0, must-revalidate
Pragma: no-cache
Expires: 0
X-Frame-Options: DENY
Content-Type: application/json
Transfer-Encoding: chunked
Date: Thu, 07 Aug 2025 17:53:43 GMT
Keep-Alive: timeout=60
Connection: keep-alive

{
    "id": 226,
    "username": "vxDglngYn4",
    "password": "$2a$10$EnnggapSKrXMFMkYYu2/G.5cBQHir5w6CSBCoU0cvf1nzy0kXZHQ6",
    "name": null,
    "role": "USER",
    "accounts": [
        
    ]
}
HTTP/1.1 201 
Vary: Origin
Vary: Access-Control-Request-Method
Vary: Access-Control-Request-Headers
Authorization: Basic YXVzdFZObFpIOkZSR2docHMwMTUkJA==
X-Content-Type-Options: nosniff
X-XSS-Protection: 0
Cache-Control: no-cache, no-store, max-age=0, must-revalidate
Pragma: no-cache
Expires: 0
X-Frame-Options: DENY
Content-Type: application/json
Transfer-Encoding: chunked
Date: Thu, 07 Aug 2025 17:53:43 GMT
Keep-Alive: timeout=60
Connection: keep-alive

{
    "id": 227,
    "username": "austVNlZH",
    "password": "$2a$10$AkSR22pkd5dYGNBNv.XET.aRGR6JrodPmKeRawf4LIHUxoFVNrgwe",
    "name": null,
    "role": "USER",
    "accounts": [
        
    ]
}
HTTP/1.1 201 
Vary: Origin
Vary: Access-Control-Request-Method
Vary: Access-Control-Request-Headers
Authorization: Basic UWIzalUwRE01TWo6TldNeWhkcjUyMCUl
X-Content-Type-Options: nosniff
X-XSS-Protection: 0
Cache-Control: no-cache, no-store, max-age=0, must-revalidate
Pragma: no-cache
Expires: 0
X-Frame-Options: DENY
Content-Type: application/json
Transfer-Encoding: chunked
Date: Thu, 07 Aug 2025 17:53:43 GMT
Keep-Alive: timeout=60
Connection: keep-alive

{
    "id": 228,
    "username": "Qb3jU0DM5Mj",
    "password": "$2a$10$klvaXDiyi/bjhRfTeCkZPOhy1kO1rSI9W4IIjLozMAwRAQIl7gUoq",
    "name": null,
    "role": "USER",
    "accounts": [
        
    ]
}
Request method:	POST
Request URI:	http://localhost:4111/api/v1/admin/users
Proxy:			<none>
Request params:	<none>
Query params:	<none>
Form params:	<none>
Path params:	<none>
Headers:		Accept=application/json, application/javascript, text/javascript, text/json
				Authorization=Basic YWRtaW46YWRtaW4=
				Content-Type=application/json
Cookies:		<none>
Multiparts:		<none>
Body:
{
    "username": "uRwm1nGoR",
    "password": "FSOovbt406%%",
    "role": "USER"
}
Request method:	POST
Request URI:	http://localhost:4111/api/v1/admin/users
Proxy:			<none>
Request params:	<none>
Query params:	<none>
Form params:	<none>
Path params:	<none>
Headers:		Accept=application/json, application/javascript, text/javascript, text/json
				Authorization=Basic YWRtaW46YWRtaW4=
				Content-Type=application/json
Cookies:		<none>
Multiparts:		<none>
Body:
{
    "username": "xGj9z",
    "password": "VUAaaug119%$",
    "role": "USER"
}
Request method:	POST
Request URI:	http://localhost:4111/api/v1/admin/users
Proxy:			<none>
Request params:	<none>
Query params:	<none>
Form params:	<none>
Path params:	<none>
Headers:		Accept=application/json, application/javascript, text/javascript, text/json
				Authorization=Basic YWRtaW46YWRtaW4=
				Content-Type=application/json
Cookies:		<none>
Multiparts:		<none>
Body:
{
    "username": "AIFtw1",
    "password": "SLNeuey190$$",
    "role": "USER"
}
Request method:	POST
Request URI:	http://localhost:4111/api/v1/admin/users
Proxy:			<none>
Request params:	<none>
Query params:	<none>
Form params:	<none>
Path params:	<none>
Headers:		Accept=application/json, application/javascript, text/javascript, text/json
				Authorization=Basic YWRtaW46YWRtaW4=
				Content-Type=application/json
Cookies:		<none>
Multiparts:		<none>
Body:
{
    "username": "GBfE",
    "password": "FHNqlsh618&%",
    "role": "USER"
}
HTTP/1.1 201 
Vary: Origin
Vary: Access-Control-Request-Method
Vary: Access-Control-Request-Headers
Authorization: Basic dVJ3bTFuR29SOkZTT292YnQ0MDYlJQ==
X-Content-Type-Options: nosniff
X-XSS-Protection: 0
Cache-Control: no-cache, no-store, max-age=0, must-revalidate
Pragma: no-cache
Expires: 0
X-Frame-Options: DENY
Content-Type: application/json
Transfer-Encoding: chunked
Date: Thu, 07 Aug 2025 17:53:43 GMT
Keep-Alive: timeout=60
Connection: keep-alive

{
    "id": 229,
    "username": "uRwm1nGoR",
    "password": "$2a$10$TwD2W9jKwcqsQn8VmkD1sex7AcC4hGdGc4GoX/vIQ4f/M8z3FqEEq",
    "name": null,
    "role": "USER",
    "accounts": [
        
    ]
}
HTTP/1.1 201 
Vary: Origin
Vary: Access-Control-Request-Method
Vary: Access-Control-Request-Headers
Authorization: Basic eEdqOXo6VlVBYWF1ZzExOSUk
X-Content-Type-Options: nosniff
X-XSS-Protection: 0
Cache-Control: no-cache, no-store, max-age=0, must-revalidate
Pragma: no-cache
Expires: 0
X-Frame-Options: DENY
Content-Type: application/json
Transfer-Encoding: chunked
Date: Thu, 07 Aug 2025 17:53:43 GMT
Keep-Alive: timeout=60
Connection: keep-alive

{
    "id": 230,
    "username": "xGj9z",
    "password": "$2a$10$5toUUnwvTJK5CMZjg7pKLuyDSrHAV9q2U4Gsbi9EzzeeZtgdHevKa",
    "name": null,
    "role": "USER",
    "accounts": [
        
    ]
}
HTTP/1.1 201 
Vary: Origin
Vary: Access-Control-Request-Method
Vary: Access-Control-Request-Headers
Authorization: Basic QUlGdHcxOlNMTmV1ZXkxOTAkJA==
X-Content-Type-Options: nosniff
X-XSS-Protection: 0
Cache-Control: no-cache, no-store, max-age=0, must-revalidate
Pragma: no-cache
Expires: 0
X-Frame-Options: DENY
Content-Type: application/json
Transfer-Encoding: chunked
Date: Thu, 07 Aug 2025 17:53:43 GMT
Keep-Alive: timeout=60
Connection: keep-alive

{
    "id": 231,
    "username": "AIFtw1",
    "password": "$2a$10$cZLktt9SCXeh6vKJhEZan.j7qhTalFsz3opNwku1x2Jd8PvB/5Qn.",
    "name": null,
    "role": "USER",
    "accounts": [
        
    ]
}
HTTP/1.1 201 
Vary: Origin
Vary: Access-Control-Request-Method
Vary: Access-Control-Request-Headers
Authorization: Basic R0JmRTpGSE5xbHNoNjE4JiU=
X-Content-Type-Options: nosniff
X-XSS-Protection: 0
Cache-Control: no-cache, no-store, max-age=0, must-revalidate
Pragma: no-cache
Expires: 0
X-Frame-Options: DENY
Content-Type: application/json
Transfer-Encoding: chunked
Date: Thu, 07 Aug 2025 17:53:44 GMT
Keep-Alive: timeout=60
Connection: keep-alive

{
    "id": 232,
    "username": "GBfE",
    "password": "$2a$10$FvzZuH/od0stLYdUKCO2SuksiS/uRnpzMV3ii3xtixfO5HkPltw2u",
    "name": null,
    "role": "USER",
    "accounts": [
        
    ]
}
Request method:	POST
Request URI:	http://localhost:4111/api/v1/auth/login
Proxy:			<none>
Request params:	<none>
Query params:	<none>
Form params:	<none>
Path params:	<none>
Headers:		Accept=application/json, application/javascript, text/javascript, text/json
				Content-Type=application/json
Cookies:		<none>
Multiparts:		<none>
Body:
{
    "username": "p3z1F3qZx",
    "password": "IDYulth095&$"
}
HTTP/1.1 200 
Vary: Origin
Vary: Access-Control-Request-Method
Vary: Access-Control-Request-Headers
Authorization: Basic cDN6MUYzcVp4OklEWXVsdGgwOTUmJA==
X-Content-Type-Options: nosniff
X-XSS-Protection: 0
Cache-Control: no-cache, no-store, max-age=0, must-revalidate
Pragma: no-cache
Expires: 0
X-Frame-Options: DENY
Content-Type: application/json
Transfer-Encoding: chunked
Date: Thu, 07 Aug 2025 17:53:47 GMT
Keep-Alive: timeout=60
Connection: keep-alive

{
    "role": "USER",
    "username": "p3z1F3qZx"
}
Request method:	POST
Request URI:	http://localhost:4111/api/v1/accounts
Proxy:			<none>
Request params:	<none>
Query params:	<none>
Form params:	<none>
Path params:	<none>
Headers:		Accept=application/json, application/javascript, text/javascript, text/json
				Authorization=Basic cDN6MUYzcVp4OklEWXVsdGgwOTUmJA==
				Content-Type=application/json
Cookies:		<none>
Multiparts:		<none>
Body:
Request method:	POST
Request URI:	http://localhost:4111/api/v1/auth/login
Proxy:			<none>
Request params:	<none>
Query params:	<none>
Form params:	<none>
Path params:	<none>
Headers:		Accept=application/json, application/javascript, text/javascript, text/json
				Content-Type=application/json
Cookies:		<none>
Multiparts:		<none>
Body:
{
    "username": "Wic9pyBh6r3r",
    "password": "CCKgtsu366%$"
}
HTTP/1.1 201 
Vary: Origin
Vary: Access-Control-Request-Method
Vary: Access-Control-Request-Headers
X-Content-Type-Options: nosniff
X-XSS-Protection: 0
Cache-Control: no-cache, no-store, max-age=0, must-revalidate
Pragma: no-cache
Expires: 0
X-Frame-Options: DENY
Content-Type: application/json
Transfer-Encoding: chunked
Date: Thu, 07 Aug 2025 17:53:47 GMT
Keep-Alive: timeout=60
Connection: keep-alive

{
    "id": 144,
    "accountNumber": "ACC144",
    "balance": 0.0,
    "transactions": [
        
    ]
}
HTTP/1.1 200 
Vary: Origin
Vary: Access-Control-Request-Method
Vary: Access-Control-Request-Headers
Authorization: Basic V2ljOXB5Qmg2cjNyOkNDS2d0c3UzNjYlJA==
X-Content-Type-Options: nosniff
X-XSS-Protection: 0
Cache-Control: no-cache, no-store, max-age=0, must-revalidate
Pragma: no-cache
Expires: 0
X-Frame-Options: DENY
Content-Type: application/json
Transfer-Encoding: chunked
Date: Thu, 07 Aug 2025 17:53:47 GMT
Keep-Alive: timeout=60
Connection: keep-alive

{
    "role": "USER",
    "username": "Wic9pyBh6r3r"
}
Request method:	POST
Request URI:	http://localhost:4111/api/v1/accounts
Proxy:			<none>
Request params:	<none>
Query params:	<none>
Form params:	<none>
Path params:	<none>
Headers:		Accept=application/json, application/javascript, text/javascript, text/json
				Authorization=Basic V2ljOXB5Qmg2cjNyOkNDS2d0c3UzNjYlJA==
				Content-Type=application/json
Cookies:		<none>
Multiparts:		<none>
Body:
Request method:	POST
Request URI:	http://localhost:4111/api/v1/auth/login
Proxy:			<none>
Request params:	<none>
Query params:	<none>
Form params:	<none>
Path params:	<none>
Headers:		Accept=application/json, application/javascript, text/javascript, text/json
				Content-Type=application/json
Cookies:		<none>
Multiparts:		<none>
Body:
{
    "username": "v6D0x",
    "password": "OCMvbec616%$"
}
HTTP/1.1 200 
Vary: Origin
Vary: Access-Control-Request-Method
Vary: Access-Control-Request-Headers
Authorization: Basic djZEMHg6T0NNdmJlYzYxNiUk
X-Content-Type-Options: nosniff
X-XSS-Protection: 0
Cache-Control: no-cache, no-store, max-age=0, must-revalidate
Pragma: no-cache
Expires: 0
X-Frame-Options: DENY
Content-Type: application/json
Transfer-Encoding: chunked
Date: Thu, 07 Aug 2025 17:53:48 GMT
Keep-Alive: timeout=60
Connection: keep-alive

{
    "role": "USER",
    "username": "v6D0x"
}
HTTP/1.1 201 
Vary: Origin
Vary: Access-Control-Request-Method
Vary: Access-Control-Request-Headers
X-Content-Type-Options: nosniff
X-XSS-Protection: 0
Cache-Control: no-cache, no-store, max-age=0, must-revalidate
Pragma: no-cache
Expires: 0
X-Frame-Options: DENY
Content-Type: application/json
Transfer-Encoding: chunked
Date: Thu, 07 Aug 2025 17:53:48 GMT
Keep-Alive: timeout=60
Connection: keep-alive

{
    "id": 145,
    "accountNumber": "ACC145",
    "balance": 0.0,
    "transactions": [
        
    ]
}
Request method:	POST
Request URI:	http://localhost:4111/api/v1/accounts
Proxy:			<none>
Request params:	<none>
Query params:	<none>
Form params:	<none>
Path params:	<none>
Headers:		Accept=application/json, application/javascript, text/javascript, text/json
				Authorization=Basic djZEMHg6T0NNdmJlYzYxNiUk
				Content-Type=application/json
Cookies:		<none>
Multiparts:		<none>
Body:
HTTP/1.1 201 
Vary: Origin
Vary: Access-Control-Request-Method
Vary: Access-Control-Request-Headers
X-Content-Type-Options: nosniff
X-XSS-Protection: 0
Cache-Control: no-cache, no-store, max-age=0, must-revalidate
Pragma: no-cache
Expires: 0
X-Frame-Options: DENY
Content-Type: application/json
Transfer-Encoding: chunked
Date: Thu, 07 Aug 2025 17:53:48 GMT
Keep-Alive: timeout=60
Connection: keep-alive

{
    "id": 146,
    "accountNumber": "ACC146",
    "balance": 0.0,
    "transactions": [
        
    ]
}
Request method:	POST
Request URI:	http://localhost:4111/api/v1/accounts
Proxy:			<none>
Request params:	<none>
Query params:	<none>
Form params:	<none>
Path params:	<none>
Headers:		Accept=application/json, application/javascript, text/javascript, text/json
				Authorization=Basic djZEMHg6T0NNdmJlYzYxNiUk
				Content-Type=application/json
Cookies:		<none>
Multiparts:		<none>
Body:
HTTP/1.1 201 
Vary: Origin
Vary: Access-Control-Request-Method
Vary: Access-Control-Request-Headers
X-Content-Type-Options: nosniff
X-XSS-Protection: 0
Cache-Control: no-cache, no-store, max-age=0, must-revalidate
Pragma: no-cache
Expires: 0
X-Frame-Options: DENY
Content-Type: application/json
Transfer-Encoding: chunked
Date: Thu, 07 Aug 2025 17:53:48 GMT
Keep-Alive: timeout=60
Connection: keep-alive

{
    "id": 147,
    "accountNumber": "ACC147",
    "balance": 0.0,
    "transactions": [
        
    ]
}
Request method:	POST
Request URI:	http://localhost:4111/api/v1/accounts/deposit
Proxy:			<none>
Request params:	<none>
Query params:	<none>
Form params:	<none>
Path params:	<none>
Headers:		Accept=application/json, application/javascript, text/javascript, text/json
				Authorization=Basic djZEMHg6T0NNdmJlYzYxNiUk
				Content-Type=application/json
Cookies:		<none>
Multiparts:		<none>
Body:
{
    "id": 146,
    "balance": 5000.0
}
HTTP/1.1 200 
Vary: Origin
Vary: Access-Control-Request-Method
Vary: Access-Control-Request-Headers
X-Content-Type-Options: nosniff
X-XSS-Protection: 0
Cache-Control: no-cache, no-store, max-age=0, must-revalidate
Pragma: no-cache
Expires: 0
X-Frame-Options: DENY
Content-Type: application/json
Transfer-Encoding: chunked
Date: Thu, 07 Aug 2025 17:53:49 GMT
Keep-Alive: timeout=60
Connection: keep-alive

{
    "id": 146,
    "accountNumber": "ACC146",
    "balance": 5000.0,
    "transactions": [
        {
            "id": 81,
            "amount": 5000.0,
            "type": "DEPOSIT",
            "timestamp": "Thu Aug 07 17:53:49 UTC 2025",
            "relatedAccountId": 146
        }
    ]
}
Request method:	POST
Request URI:	http://localhost:4111/api/v1/accounts/deposit
Proxy:			<none>
Request params:	<none>
Query params:	<none>
Form params:	<none>
Path params:	<none>
Headers:		Accept=application/json, application/javascript, text/javascript, text/json
				Authorization=Basic djZEMHg6T0NNdmJlYzYxNiUk
				Content-Type=application/json
Cookies:		<none>
Multiparts:		<none>
Body:
{
    "id": 146,
    "balance": 5000.0
}
HTTP/1.1 200 
Vary: Origin
Vary: Access-Control-Request-Method
Vary: Access-Control-Request-Headers
X-Content-Type-Options: nosniff
X-XSS-Protection: 0
Cache-Control: no-cache, no-store, max-age=0, must-revalidate
Pragma: no-cache
Expires: 0
X-Frame-Options: DENY
Content-Type: application/json
Transfer-Encoding: chunked
Date: Thu, 07 Aug 2025 17:53:49 GMT
Keep-Alive: timeout=60
Connection: keep-alive

{
    "id": 146,
    "accountNumber": "ACC146",
    "balance": 10000.0,
    "transactions": [
        {
            "id": 81,
            "amount": 5000.0,
            "type": "DEPOSIT",
            "timestamp": "Thu Aug 07 17:53:49 UTC 2025",
            "relatedAccountId": 146
        },
        {
            "id": 82,
            "amount": 5000.0,
            "type": "DEPOSIT",
            "timestamp": "Thu Aug 07 17:53:50 UTC 2025",
            "relatedAccountId": 146
        }
    ]
}
]]></system-out>
    <system-err><![CDATA[Aug 07, 2025 8:53:46 PM org.openqa.selenium.devtools.CdpVersionFinder findNearestMatch
WARNING: Unable to find an exact match for CDP version 138, returning the closest version; found: 135; Please update to a Selenium version that supports CDP version 138
Aug 07, 2025 8:53:46 PM org.openqa.selenium.devtools.CdpVersionFinder findNearestMatch
WARNING: Unable to find an exact match for CDP version 138, returning the closest version; found: 135; Please update to a Selenium version that supports CDP version 138
Aug 07, 2025 8:53:47 PM org.openqa.selenium.devtools.CdpVersionFinder findNearestMatch
WARNING: Unable to find an exact match for CDP version 138, returning the closest version; found: 135; Please update to a Selenium version that supports CDP version 138
Aug 07, 2025 8:53:47 PM org.openqa.selenium.devtools.CdpVersionFinder findNearestMatch
WARNING: Unable to find an exact match for CDP version 138, returning the closest version; found: 135; Please update to a Selenium version that supports CDP version 138
Aug 07, 2025 8:53:47 PM org.openqa.selenium.devtools.CdpVersionFinder findNearestMatch
WARNING: Unable to find an exact match for CDP version 138, returning the closest version; found: 135; Please update to a Selenium version that supports CDP version 138
Aug 07, 2025 8:53:47 PM org.openqa.selenium.devtools.CdpVersionFinder findNearestMatch
WARNING: Unable to find an exact match for CDP version 138, returning the closest version; found: 135; Please update to a Selenium version that supports CDP version 138
]]></system-err>
  </testcase>
  <testcase name="userCanLoginWithCorrectDataTest" classname="ui.LoginUserTest" time="11.921"/>
</testsuite>